- action-clients: []
  action-servers: []
  filename: /pre_bug/src/repo/ros/src/computing/perception/detection/packages/road_wizard/launch/traffic_light_recognition.launch
  fullname: /traffic_light_recognition
  kind: region_tlr
  name: traffic_light_recognition
  namespace: /
  nodelet: false
  package: road_wizard
  placeholder: true
  provides: []
  pubs: []
  reads: []
  subs: []
  uses: []
  writes: []
- action-clients: []
  action-servers: []
  filename: /pre_bug/src/repo/ros/src/computing/perception/detection/packages/road_wizard/launch/traffic_light_recognition.launch
  fullname: /sound_player
  kind: sound_player.py
  name: sound_player
  namespace: /
  nodelet: false
  package: sound_player
  placeholder: true
  provides: []
  pubs: []
  reads: []
  subs: []
  uses: []
  writes: []

