2021-09-07 13:19:26.308 | DEBUG    | __main__:recover_system:87 - calling rosdiscover: ['launch', '/tmp/tmpor1kpz14.rosdiscover.yml', '--output', '/home/tdurschm/rosdiscover-evaluation/experiments/detection/subjects/autorally-03/buggy.architecture.yml']
2021-09-07 13:19:26.312 | DEBUG    | rosdiscover.config:from_yaml_string:209 - loading config from YAML string:
<_io.TextIOWrapper name='/tmp/tmpor1kpz14.rosdiscover.yml' mode='r' encoding='UTF-8'>
2021-09-07 13:19:26.314 | DEBUG    | roswire.roswire:__init__:40 - no workspace specified: using default workspace.
2021-09-07 13:19:26.314 | DEBUG    | roswire.roswire:__init__:43 - default workspace: /home/tdurschm/.roswire
2021-09-07 13:19:26.320 | DEBUG    | rosdiscover.config:from_yaml_string:212 - loaded config from YAML string: Config(image='rosdiscover-experiments/autorally:5032de9b8e008a8d3871f906897de2bd2c6ae893', sources=('/opt/ros/kinetic/setup.bash', '/ros_ws/devel/setup.bash', '/ros_ws/src/autorally/autorally_util/setupEnvLocal.sh'), launches=(Launch(filename='/ros_ws/src/autorally/autorally_gazebo/launch/autoRallyTrackGazeboSim.launch', arguments={}), Launch(filename='/ros_ws/src/autorally/autorally_gazebo/launch/autoRallyTrackWorld.launch', arguments={})), environment=mappingproxy({}), node_sources={('autorally_control', 'joystickController'): NodeSourceInfo(package_name='autorally_control', node_name='joystickController', node_kind=<ROSNodeKind.NODE: 'node'>, restrict_to_paths=['/ros_ws/src/autorally/devel/include/autorally_control', '/ros_ws/src/autorally/src/autorally/autorally_control'], entrypoint='main', sources=['src/joystick/JoystickControl.cpp', 'src/joystick/joystickControlMain.cpp'])}, app=App(image='rosdiscover-experiments/autorally:5032de9b8e008a8d3871f906897de2bd2c6ae893', sources=('/opt/ros/kinetic/setup.bash', '/ros_ws/devel/setup.bash', '/ros_ws/src/autorally/autorally_util/setupEnvLocal.sh')))
2021-09-07 13:19:26.320 | INFO     | rosdiscover.cli:_launch:47 - reconstructing architecture for image [rosdiscover-experiments/autorally:5032de9b8e008a8d3871f906897de2bd2c6ae893]
2021-09-07 13:19:26.320 | DEBUG    | roswire.roswire:__init__:40 - no workspace specified: using default workspace.
2021-09-07 13:19:26.320 | DEBUG    | roswire.roswire:__init__:43 - default workspace: /home/tdurschm/.roswire
2021-09-07 13:19:35.932 | DEBUG    | roswire.common.msg:_resolve_type:162 - resolved type [Vector3]: geometry_msgs/Vector3
2021-09-07 13:19:35.932 | DEBUG    | roswire.common.msg:_resolve_type:162 - resolved type [Vector3]: geometry_msgs/Vector3
2021-09-07 13:19:36.423 | DEBUG    | roswire.common.msg:_resolve_type:162 - resolved type [Header]: std_msgs/Header
2021-09-07 13:19:36.424 | DEBUG    | roswire.common.msg:_resolve_type:162 - resolved type [Accel]: geometry_msgs/Accel
2021-09-07 13:19:36.888 | DEBUG    | roswire.common.msg:_resolve_type:162 - resolved type [Accel]: geometry_msgs/Accel
2021-09-07 13:19:37.388 | DEBUG    | roswire.common.msg:_resolve_type:162 - resolved type [Header]: std_msgs/Header
2021-09-07 13:19:37.389 | DEBUG    | roswire.common.msg:_resolve_type:162 - resolved type [AccelWithCovariance]: geometry_msgs/AccelWithCovariance
2021-09-07 13:19:38.323 | DEBUG    | roswire.common.msg:_resolve_type:162 - resolved type [Header]: std_msgs/Header
2021-09-07 13:19:38.324 | DEBUG    | roswire.common.msg:_resolve_type:162 - resolved type [Inertia]: geometry_msgs/Inertia
2021-09-07 13:19:39.760 | DEBUG    | roswire.common.msg:_resolve_type:162 - resolved type [Header]: std_msgs/Header
2021-09-07 13:19:39.761 | DEBUG    | roswire.common.msg:_resolve_type:162 - resolved type [Point]: geometry_msgs/Point
2021-09-07 13:19:40.240 | DEBUG    | roswire.common.msg:_resolve_type:162 - resolved type [Point32[]]: geometry_msgs/Point32[]
2021-09-07 13:19:40.728 | DEBUG    | roswire.common.msg:_resolve_type:162 - resolved type [Header]: std_msgs/Header
2021-09-07 13:19:40.728 | DEBUG    | roswire.common.msg:_resolve_type:162 - resolved type [Polygon]: geometry_msgs/Polygon
2021-09-07 13:19:41.192 | DEBUG    | roswire.common.msg:_resolve_type:162 - resolved type [Point]: geometry_msgs/Point
2021-09-07 13:19:41.193 | DEBUG    | roswire.common.msg:_resolve_type:162 - resolved type [Quaternion]: geometry_msgs/Quaternion
2021-09-07 13:19:42.136 | DEBUG    | roswire.common.msg:_resolve_type:162 - resolved type [Header]: std_msgs/Header
2021-09-07 13:19:42.136 | DEBUG    | roswire.common.msg:_resolve_type:162 - resolved type [Pose[]]: geometry_msgs/Pose[]
2021-09-07 13:19:42.616 | DEBUG    | roswire.common.msg:_resolve_type:162 - resolved type [Header]: std_msgs/Header
2021-09-07 13:19:42.617 | DEBUG    | roswire.common.msg:_resolve_type:162 - resolved type [Pose]: geometry_msgs/Pose
2021-09-07 13:19:43.096 | DEBUG    | roswire.common.msg:_resolve_type:162 - resolved type [Pose]: geometry_msgs/Pose
2021-09-07 13:19:43.564 | DEBUG    | roswire.common.msg:_resolve_type:162 - resolved type [Header]: std_msgs/Header
2021-09-07 13:19:43.564 | DEBUG    | roswire.common.msg:_resolve_type:162 - resolved type [PoseWithCovariance]: geometry_msgs/PoseWithCovariance
2021-09-07 13:19:44.560 | DEBUG    | roswire.common.msg:_resolve_type:162 - resolved type [Header]: std_msgs/Header
2021-09-07 13:19:44.560 | DEBUG    | roswire.common.msg:_resolve_type:162 - resolved type [Quaternion]: geometry_msgs/Quaternion
2021-09-07 13:19:45.044 | DEBUG    | roswire.common.msg:_resolve_type:162 - resolved type [Vector3]: geometry_msgs/Vector3
2021-09-07 13:19:45.045 | DEBUG    | roswire.common.msg:_resolve_type:162 - resolved type [Quaternion]: geometry_msgs/Quaternion
2021-09-07 13:19:45.548 | DEBUG    | roswire.common.msg:_resolve_type:162 - resolved type [Header]: std_msgs/Header
2021-09-07 13:19:45.549 | DEBUG    | roswire.common.msg:_resolve_type:162 - resolved type [Transform]: geometry_msgs/Transform
2021-09-07 13:19:46.032 | DEBUG    | roswire.common.msg:_resolve_type:162 - resolved type [Vector3]: geometry_msgs/Vector3
2021-09-07 13:19:46.033 | DEBUG    | roswire.common.msg:_resolve_type:162 - resolved type [Vector3]: geometry_msgs/Vector3
2021-09-07 13:19:46.484 | DEBUG    | roswire.common.msg:_resolve_type:162 - resolved type [Header]: std_msgs/Header
2021-09-07 13:19:46.484 | DEBUG    | roswire.common.msg:_resolve_type:162 - resolved type [Twist]: geometry_msgs/Twist
2021-09-07 13:19:46.944 | DEBUG    | roswire.common.msg:_resolve_type:162 - resolved type [Twist]: geometry_msgs/Twist
2021-09-07 13:19:47.419 | DEBUG    | roswire.common.msg:_resolve_type:162 - resolved type [Header]: std_msgs/Header
2021-09-07 13:19:47.419 | DEBUG    | roswire.common.msg:_resolve_type:162 - resolved type [TwistWithCovariance]: geometry_msgs/TwistWithCovariance
2021-09-07 13:19:48.388 | DEBUG    | roswire.common.msg:_resolve_type:162 - resolved type [Header]: std_msgs/Header
2021-09-07 13:19:48.388 | DEBUG    | roswire.common.msg:_resolve_type:162 - resolved type [Vector3]: geometry_msgs/Vector3
2021-09-07 13:19:48.864 | DEBUG    | roswire.common.msg:_resolve_type:162 - resolved type [Vector3]: geometry_msgs/Vector3
2021-09-07 13:19:48.864 | DEBUG    | roswire.common.msg:_resolve_type:162 - resolved type [Vector3]: geometry_msgs/Vector3
2021-09-07 13:19:49.348 | DEBUG    | roswire.common.msg:_resolve_type:162 - resolved type [Header]: std_msgs/Header
2021-09-07 13:19:49.348 | DEBUG    | roswire.common.msg:_resolve_type:162 - resolved type [Wrench]: geometry_msgs/Wrench
2021-09-07 13:19:51.036 | DEBUG    | roswire.common.msg:_resolve_type:162 - resolved type [Header]: std_msgs/Header
2021-09-07 13:19:51.431 | DEBUG    | roswire.common.msg:_resolve_type:162 - resolved type [Header]: std_msgs/Header
2021-09-07 13:19:51.432 | DEBUG    | roswire.common.msg:_resolve_type:162 - resolved type [RegionOfInterest]: sensor_msgs/RegionOfInterest
2021-09-07 13:19:52.476 | DEBUG    | roswire.common.msg:_resolve_type:162 - resolved type [Header]: std_msgs/Header
2021-09-07 13:19:52.980 | DEBUG    | roswire.common.msg:_resolve_type:162 - resolved type [Header]: std_msgs/Header
2021-09-07 13:19:53.440 | DEBUG    | roswire.common.msg:_resolve_type:162 - resolved type [Header]: std_msgs/Header
2021-09-07 13:19:53.928 | DEBUG    | roswire.common.msg:_resolve_type:162 - resolved type [Header]: std_msgs/Header
2021-09-07 13:19:54.396 | DEBUG    | roswire.common.msg:_resolve_type:162 - resolved type [Header]: std_msgs/Header
2021-09-07 13:19:54.916 | DEBUG    | roswire.common.msg:_resolve_type:162 - resolved type [Header]: std_msgs/Header
2021-09-07 13:19:55.364 | DEBUG    | roswire.common.msg:_resolve_type:162 - resolved type [Header]: std_msgs/Header
2021-09-07 13:19:56.372 | DEBUG    | roswire.common.msg:_resolve_type:162 - resolved type [JoyFeedback[]]: sensor_msgs/JoyFeedback[]
2021-09-07 13:19:57.320 | DEBUG    | roswire.common.msg:_resolve_type:162 - resolved type [Header]: std_msgs/Header
2021-09-07 13:19:57.832 | DEBUG    | roswire.common.msg:_resolve_type:162 - resolved type [Header]: std_msgs/Header
2021-09-07 13:19:58.328 | DEBUG    | roswire.common.msg:_resolve_type:162 - resolved type [Header]: std_msgs/Header
2021-09-07 13:19:58.812 | DEBUG    | roswire.common.msg:_resolve_type:162 - resolved type [Header]: std_msgs/Header
2021-09-07 13:19:58.812 | DEBUG    | roswire.common.msg:_resolve_type:162 - resolved type [LaserEcho[]]: sensor_msgs/LaserEcho[]
2021-09-07 13:19:58.813 | DEBUG    | roswire.common.msg:_resolve_type:162 - resolved type [LaserEcho[]]: sensor_msgs/LaserEcho[]
2021-09-07 13:19:59.288 | DEBUG    | roswire.common.msg:_resolve_type:162 - resolved type [Header]: std_msgs/Header
2021-09-07 13:19:59.289 | DEBUG    | roswire.common.msg:_resolve_type:162 - resolved type [NavSatStatus]: sensor_msgs/NavSatStatus
2021-09-07 13:20:00.192 | DEBUG    | roswire.common.msg:_resolve_type:162 - resolved type [Header]: std_msgs/Header
2021-09-07 13:20:00.192 | DEBUG    | roswire.common.msg:_resolve_type:162 - resolved type [ChannelFloat32[]]: sensor_msgs/ChannelFloat32[]
2021-09-07 13:20:00.696 | DEBUG    | roswire.common.msg:_resolve_type:162 - resolved type [Header]: std_msgs/Header
2021-09-07 13:20:00.697 | DEBUG    | roswire.common.msg:_resolve_type:162 - resolved type [PointField[]]: sensor_msgs/PointField[]
2021-09-07 13:20:01.644 | DEBUG    | roswire.common.msg:_resolve_type:162 - resolved type [Header]: std_msgs/Header
2021-09-07 13:20:02.612 | DEBUG    | roswire.common.msg:_resolve_type:162 - resolved type [Header]: std_msgs/Header
2021-09-07 13:20:03.108 | DEBUG    | roswire.common.msg:_resolve_type:162 - resolved type [Header]: std_msgs/Header
2021-09-07 13:20:03.568 | DEBUG    | roswire.common.msg:_resolve_type:162 - resolved type [Header]: std_msgs/Header
2021-09-07 13:20:06.000 | DEBUG    | roswire.common.msg:_resolve_type:162 - resolved type [Header]: std_msgs/Header
2021-09-07 13:20:07.015 | DEBUG    | roswire.common.msg:_resolve_type:162 - resolved type [Header]: std_msgs/Header
2021-09-07 13:20:07.016 | DEBUG    | roswire.common.msg:_resolve_type:162 - resolved type [MapMetaData]: nav_msgs/MapMetaData
2021-09-07 13:20:07.460 | DEBUG    | roswire.common.msg:_resolve_type:162 - resolved type [Header]: std_msgs/Header
2021-09-07 13:20:07.899 | DEBUG    | roswire.common.msg:_resolve_type:162 - resolved type [Header]: std_msgs/Header
2021-09-07 13:20:12.368 | DEBUG    | roswire.common.msg:_resolve_type:162 - resolved type [GoalID]: actionlib_msgs/GoalID
2021-09-07 13:20:12.904 | DEBUG    | roswire.common.msg:_resolve_type:162 - resolved type [Header]: std_msgs/Header
2021-09-07 13:20:12.904 | DEBUG    | roswire.common.msg:_resolve_type:162 - resolved type [GoalStatus[]]: actionlib_msgs/GoalStatus[]
2021-09-07 13:20:14.576 | DEBUG    | roswire.common.msg:_resolve_type:162 - resolved type [Header]: std_msgs/Header
2021-09-07 13:20:15.092 | DEBUG    | roswire.common.msg:_resolve_type:162 - resolved type [Header]: std_msgs/Header
2021-09-07 13:20:15.093 | DEBUG    | roswire.common.msg:_resolve_type:162 - resolved type [MenuEntry[]]: visualization_msgs/MenuEntry[]
2021-09-07 13:20:15.093 | DEBUG    | roswire.common.msg:_resolve_type:162 - resolved type [InteractiveMarkerControl[]]: visualization_msgs/InteractiveMarkerControl[]
2021-09-07 13:20:15.571 | DEBUG    | roswire.common.msg:_resolve_type:162 - resolved type [Marker[]]: visualization_msgs/Marker[]
2021-09-07 13:20:16.024 | DEBUG    | roswire.common.msg:_resolve_type:162 - resolved type [Header]: std_msgs/Header
2021-09-07 13:20:16.532 | DEBUG    | roswire.common.msg:_resolve_type:162 - resolved type [InteractiveMarker[]]: visualization_msgs/InteractiveMarker[]
2021-09-07 13:20:17.008 | DEBUG    | roswire.common.msg:_resolve_type:162 - resolved type [Header]: std_msgs/Header
2021-09-07 13:20:17.484 | DEBUG    | roswire.common.msg:_resolve_type:162 - resolved type [InteractiveMarker[]]: visualization_msgs/InteractiveMarker[]
2021-09-07 13:20:17.485 | DEBUG    | roswire.common.msg:_resolve_type:162 - resolved type [InteractiveMarkerPose[]]: visualization_msgs/InteractiveMarkerPose[]
2021-09-07 13:20:17.952 | DEBUG    | roswire.common.msg:_resolve_type:162 - resolved type [Header]: std_msgs/Header
2021-09-07 13:20:18.416 | DEBUG    | roswire.common.msg:_resolve_type:162 - resolved type [Marker[]]: visualization_msgs/Marker[]
2021-09-07 13:20:20.508 | DEBUG    | roswire.common.msg:_resolve_type:162 - resolved type [Header]: std_msgs/Header
2021-09-07 13:20:20.508 | DEBUG    | roswire.common.msg:_resolve_type:162 - resolved type [JointTrajectoryPoint[]]: trajectory_msgs/JointTrajectoryPoint[]
2021-09-07 13:20:21.431 | DEBUG    | roswire.common.msg:_resolve_type:162 - resolved type [Header]: std_msgs/Header
2021-09-07 13:20:21.432 | DEBUG    | roswire.common.msg:_resolve_type:162 - resolved type [MultiDOFJointTrajectoryPoint[]]: trajectory_msgs/MultiDOFJointTrajectoryPoint[]
2021-09-07 13:20:23.600 | DEBUG    | roswire.common.msg:_resolve_type:162 - resolved type [Header]: std_msgs/Header
2021-09-07 13:20:23.600 | DEBUG    | roswire.common.msg:_resolve_type:162 - resolved type [DiagnosticStatus[]]: diagnostic_msgs/DiagnosticStatus[]
2021-09-07 13:20:24.116 | DEBUG    | roswire.common.msg:_resolve_type:162 - resolved type [KeyValue[]]: diagnostic_msgs/KeyValue[]
2021-09-07 13:20:26.040 | DEBUG    | roswire.common.msg:_resolve_type:162 - resolved type [DiagnosticStatus[]]: diagnostic_msgs/DiagnosticStatus[]
2021-09-07 13:20:30.588 | DEBUG    | roswire.common.msg:_resolve_type:162 - resolved type [BoolParameter[]]: dynamic_reconfigure/BoolParameter[]
2021-09-07 13:20:30.589 | DEBUG    | roswire.common.msg:_resolve_type:162 - resolved type [IntParameter[]]: dynamic_reconfigure/IntParameter[]
2021-09-07 13:20:30.589 | DEBUG    | roswire.common.msg:_resolve_type:162 - resolved type [StrParameter[]]: dynamic_reconfigure/StrParameter[]
2021-09-07 13:20:30.589 | DEBUG    | roswire.common.msg:_resolve_type:162 - resolved type [DoubleParameter[]]: dynamic_reconfigure/DoubleParameter[]
2021-09-07 13:20:30.589 | DEBUG    | roswire.common.msg:_resolve_type:162 - resolved type [GroupState[]]: dynamic_reconfigure/GroupState[]
2021-09-07 13:20:31.056 | DEBUG    | roswire.common.msg:_resolve_type:162 - resolved type [Group[]]: dynamic_reconfigure/Group[]
2021-09-07 13:20:31.057 | DEBUG    | roswire.common.msg:_resolve_type:162 - resolved type [Config]: dynamic_reconfigure/Config
2021-09-07 13:20:31.057 | DEBUG    | roswire.common.msg:_resolve_type:162 - resolved type [Config]: dynamic_reconfigure/Config
2021-09-07 13:20:31.057 | DEBUG    | roswire.common.msg:_resolve_type:162 - resolved type [Config]: dynamic_reconfigure/Config
2021-09-07 13:20:32.052 | DEBUG    | roswire.common.msg:_resolve_type:162 - resolved type [ParamDescription[]]: dynamic_reconfigure/ParamDescription[]
2021-09-07 13:20:35.397 | DEBUG    | roswire.common.msg:_resolve_type:162 - resolved type [Config]: dynamic_reconfigure/Config
2021-09-07 13:20:35.398 | DEBUG    | roswire.common.msg:_resolve_type:162 - resolved type [Config]: dynamic_reconfigure/Config
2021-09-07 13:20:49.124 | DEBUG    | roswire.common.msg:_resolve_type:162 - resolved type [ControllerState[]]: controller_manager_msgs/ControllerState[]
2021-09-07 13:21:18.172 | DEBUG    | roswire.common.msg:_resolve_type:162 - resolved type [Header]: std_msgs/Header
2021-09-07 13:21:21.499 | DEBUG    | roswire.common.msg:_resolve_type:162 - resolved type [Header]: std_msgs/Header
2021-09-07 13:21:27.243 | DEBUG    | roswire.common.msg:_resolve_type:162 - resolved type [Header]: std_msgs/Header
2021-09-07 13:21:37.751 | DEBUG    | roswire.common.msg:_resolve_type:162 - resolved type [Header]: std_msgs/Header
2021-09-07 13:22:05.644 | DEBUG    | roswire.common.msg:_resolve_type:162 - resolved type [Logger[]]: roscpp/Logger[]
2021-09-07 13:22:12.320 | DEBUG    | roswire.common.msg:_resolve_type:162 - resolved type [MultiArrayLayout]: std_msgs/MultiArrayLayout
2021-09-07 13:22:15.188 | DEBUG    | roswire.common.msg:_resolve_type:162 - resolved type [MultiArrayLayout]: std_msgs/MultiArrayLayout
2021-09-07 13:22:16.156 | DEBUG    | roswire.common.msg:_resolve_type:162 - resolved type [MultiArrayLayout]: std_msgs/MultiArrayLayout
2021-09-07 13:22:17.547 | DEBUG    | roswire.common.msg:_resolve_type:162 - resolved type [MultiArrayLayout]: std_msgs/MultiArrayLayout
2021-09-07 13:22:18.476 | DEBUG    | roswire.common.msg:_resolve_type:162 - resolved type [MultiArrayLayout]: std_msgs/MultiArrayLayout
2021-09-07 13:22:19.468 | DEBUG    | roswire.common.msg:_resolve_type:162 - resolved type [MultiArrayLayout]: std_msgs/MultiArrayLayout
2021-09-07 13:22:20.380 | DEBUG    | roswire.common.msg:_resolve_type:162 - resolved type [MultiArrayLayout]: std_msgs/MultiArrayLayout
2021-09-07 13:22:21.336 | DEBUG    | roswire.common.msg:_resolve_type:162 - resolved type [MultiArrayDimension[]]: std_msgs/MultiArrayDimension[]
2021-09-07 13:22:23.224 | DEBUG    | roswire.common.msg:_resolve_type:162 - resolved type [MultiArrayLayout]: std_msgs/MultiArrayLayout
2021-09-07 13:22:24.232 | DEBUG    | roswire.common.msg:_resolve_type:162 - resolved type [MultiArrayLayout]: std_msgs/MultiArrayLayout
2021-09-07 13:22:25.268 | DEBUG    | roswire.common.msg:_resolve_type:162 - resolved type [MultiArrayLayout]: std_msgs/MultiArrayLayout
2021-09-07 13:22:26.288 | DEBUG    | roswire.common.msg:_resolve_type:162 - resolved type [MultiArrayLayout]: std_msgs/MultiArrayLayout
2021-09-07 13:22:29.543 | DEBUG    | roswire.common.msg:_resolve_type:162 - resolved type [Header]: std_msgs/Header
2021-09-07 13:22:30.532 | DEBUG    | roswire.common.msg:_resolve_type:162 - resolved type [Header]: std_msgs/Header
2021-09-07 13:22:31.052 | DEBUG    | roswire.common.msg:_resolve_type:162 - resolved type [Header]: std_msgs/Header
2021-09-07 13:22:33.532 | DEBUG    | roswire.common.msg:_resolve_type:162 - resolved type [JointTolerance[]]: control_msgs/JointTolerance[]
2021-09-07 13:22:33.533 | DEBUG    | roswire.common.msg:_resolve_type:162 - resolved type [JointTolerance[]]: control_msgs/JointTolerance[]
2021-09-07 13:22:33.533 | DEBUG    | roswire.common.msg:_resolve_type:162 - resolved type [Header]: std_msgs/Header
2021-09-07 13:22:34.028 | DEBUG    | roswire.common.msg:_resolve_type:162 - resolved type [GripperCommand]: control_msgs/GripperCommand
2021-09-07 13:22:35.508 | DEBUG    | roswire.common.msg:_resolve_type:162 - resolved type [Header]: std_msgs/Header
2021-09-07 13:22:47.404 | DEBUG    | roswire.common.msg:_resolve_type:162 - resolved type [Header]: std_msgs/Header
2021-09-07 13:22:47.920 | DEBUG    | roswire.common.msg:_resolve_type:162 - resolved type [Header]: std_msgs/Header
2021-09-07 13:22:48.428 | DEBUG    | roswire.common.msg:_resolve_type:162 - resolved type [Header]: std_msgs/Header
2021-09-07 13:22:48.429 | DEBUG    | roswire.common.msg:_resolve_type:162 - resolved type [point2D[]]: autorally_msgs/point2D[]
2021-09-07 13:22:48.429 | DEBUG    | roswire.common.msg:_resolve_type:162 - resolved type [line2D[]]: autorally_msgs/line2D[]
2021-09-07 13:22:49.404 | DEBUG    | roswire.common.msg:_resolve_type:162 - resolved type [point2D]: autorally_msgs/point2D
2021-09-07 13:22:49.405 | DEBUG    | roswire.common.msg:_resolve_type:162 - resolved type [point2D]: autorally_msgs/point2D
2021-09-07 13:22:50.448 | DEBUG    | roswire.common.msg:_resolve_type:162 - resolved type [Header]: std_msgs/Header
2021-09-07 13:22:50.449 | DEBUG    | roswire.common.msg:_resolve_type:162 - resolved type [pathIntegralParams]: autorally_msgs/pathIntegralParams
2021-09-07 13:22:50.449 | DEBUG    | roswire.common.msg:_resolve_type:162 - resolved type [lapStats]: autorally_msgs/lapStats
2021-09-07 13:22:50.996 | DEBUG    | roswire.common.msg:_resolve_type:162 - resolved type [Header]: std_msgs/Header
2021-09-07 13:22:52.024 | DEBUG    | roswire.common.msg:_resolve_type:162 - resolved type [Header]: std_msgs/Header
2021-09-07 13:22:52.551 | DEBUG    | roswire.common.msg:_resolve_type:162 - resolved type [Header]: std_msgs/Header
2021-09-07 13:22:53.048 | DEBUG    | roswire.common.msg:_resolve_type:162 - resolved type [Header]: std_msgs/Header
2021-09-07 13:23:01.175 | DEBUG    | roswire.common.msg:_resolve_type:162 - resolved type [Header]: std_msgs/Header
2021-09-07 13:23:06.308 | DEBUG    | roswire.common.msg:_resolve_type:162 - resolved type [Header]: std_msgs/Header
2021-09-07 13:23:06.844 | DEBUG    | roswire.common.msg:_resolve_type:162 - resolved type [Header]: std_msgs/Header
2021-09-07 13:23:37.364 | DEBUG    | roswire.common.msg:_resolve_type:162 - resolved type [Header]: std_msgs/Header
2021-09-07 13:23:46.748 | DEBUG    | roswire.common.msg:_resolve_type:162 - resolved type [Vector3]: geometry_msgs/Vector3
2021-09-07 13:23:46.749 | DEBUG    | roswire.common.msg:_resolve_type:162 - resolved type [Vector3]: geometry_msgs/Vector3
2021-09-07 13:23:47.304 | DEBUG    | roswire.common.msg:_resolve_type:162 - resolved type [Header]: std_msgs/Header
2021-09-07 13:23:47.304 | DEBUG    | roswire.common.msg:_resolve_type:162 - resolved type [Accel]: geometry_msgs/Accel
2021-09-07 13:23:47.824 | DEBUG    | roswire.common.msg:_resolve_type:162 - resolved type [Accel]: geometry_msgs/Accel
2021-09-07 13:23:48.360 | DEBUG    | roswire.common.msg:_resolve_type:162 - resolved type [Header]: std_msgs/Header
2021-09-07 13:23:48.361 | DEBUG    | roswire.common.msg:_resolve_type:162 - resolved type [AccelWithCovariance]: geometry_msgs/AccelWithCovariance
2021-09-07 13:23:49.436 | DEBUG    | roswire.common.msg:_resolve_type:162 - resolved type [Header]: std_msgs/Header
2021-09-07 13:23:49.436 | DEBUG    | roswire.common.msg:_resolve_type:162 - resolved type [Inertia]: geometry_msgs/Inertia
2021-09-07 13:23:51.032 | DEBUG    | roswire.common.msg:_resolve_type:162 - resolved type [Header]: std_msgs/Header
2021-09-07 13:23:51.033 | DEBUG    | roswire.common.msg:_resolve_type:162 - resolved type [Point]: geometry_msgs/Point
2021-09-07 13:23:51.552 | DEBUG    | roswire.common.msg:_resolve_type:162 - resolved type [Point32[]]: geometry_msgs/Point32[]
2021-09-07 13:23:52.084 | DEBUG    | roswire.common.msg:_resolve_type:162 - resolved type [Header]: std_msgs/Header
2021-09-07 13:23:52.084 | DEBUG    | roswire.common.msg:_resolve_type:162 - resolved type [Polygon]: geometry_msgs/Polygon
2021-09-07 13:23:52.619 | DEBUG    | roswire.common.msg:_resolve_type:162 - resolved type [Point]: geometry_msgs/Point
2021-09-07 13:23:52.620 | DEBUG    | roswire.common.msg:_resolve_type:162 - resolved type [Quaternion]: geometry_msgs/Quaternion
2021-09-07 13:23:53.700 | DEBUG    | roswire.common.msg:_resolve_type:162 - resolved type [Header]: std_msgs/Header
2021-09-07 13:23:53.701 | DEBUG    | roswire.common.msg:_resolve_type:162 - resolved type [Pose[]]: geometry_msgs/Pose[]
2021-09-07 13:23:54.228 | DEBUG    | roswire.common.msg:_resolve_type:162 - resolved type [Header]: std_msgs/Header
2021-09-07 13:23:54.229 | DEBUG    | roswire.common.msg:_resolve_type:162 - resolved type [Pose]: geometry_msgs/Pose
2021-09-07 13:23:54.784 | DEBUG    | roswire.common.msg:_resolve_type:162 - resolved type [Pose]: geometry_msgs/Pose
2021-09-07 13:23:55.328 | DEBUG    | roswire.common.msg:_resolve_type:162 - resolved type [Header]: std_msgs/Header
2021-09-07 13:23:55.328 | DEBUG    | roswire.common.msg:_resolve_type:162 - resolved type [PoseWithCovariance]: geometry_msgs/PoseWithCovariance
2021-09-07 13:23:56.400 | DEBUG    | roswire.common.msg:_resolve_type:162 - resolved type [Header]: std_msgs/Header
2021-09-07 13:23:56.400 | DEBUG    | roswire.common.msg:_resolve_type:162 - resolved type [Quaternion]: geometry_msgs/Quaternion
2021-09-07 13:23:56.992 | DEBUG    | roswire.common.msg:_resolve_type:162 - resolved type [Vector3]: geometry_msgs/Vector3
2021-09-07 13:23:56.992 | DEBUG    | roswire.common.msg:_resolve_type:162 - resolved type [Quaternion]: geometry_msgs/Quaternion
2021-09-07 13:23:57.551 | DEBUG    | roswire.common.msg:_resolve_type:162 - resolved type [Header]: std_msgs/Header
2021-09-07 13:23:57.552 | DEBUG    | roswire.common.msg:_resolve_type:162 - resolved type [Transform]: geometry_msgs/Transform
2021-09-07 13:23:58.128 | DEBUG    | roswire.common.msg:_resolve_type:162 - resolved type [Vector3]: geometry_msgs/Vector3
2021-09-07 13:23:58.128 | DEBUG    | roswire.common.msg:_resolve_type:162 - resolved type [Vector3]: geometry_msgs/Vector3
2021-09-07 13:23:58.664 | DEBUG    | roswire.common.msg:_resolve_type:162 - resolved type [Header]: std_msgs/Header
2021-09-07 13:23:58.665 | DEBUG    | roswire.common.msg:_resolve_type:162 - resolved type [Twist]: geometry_msgs/Twist
2021-09-07 13:23:59.187 | DEBUG    | roswire.common.msg:_resolve_type:162 - resolved type [Twist]: geometry_msgs/Twist
2021-09-07 13:23:59.708 | DEBUG    | roswire.common.msg:_resolve_type:162 - resolved type [Header]: std_msgs/Header
2021-09-07 13:23:59.709 | DEBUG    | roswire.common.msg:_resolve_type:162 - resolved type [TwistWithCovariance]: geometry_msgs/TwistWithCovariance
2021-09-07 13:24:00.815 | DEBUG    | roswire.common.msg:_resolve_type:162 - resolved type [Header]: std_msgs/Header
2021-09-07 13:24:00.816 | DEBUG    | roswire.common.msg:_resolve_type:162 - resolved type [Vector3]: geometry_msgs/Vector3
2021-09-07 13:24:01.364 | DEBUG    | roswire.common.msg:_resolve_type:162 - resolved type [Vector3]: geometry_msgs/Vector3
2021-09-07 13:24:01.365 | DEBUG    | roswire.common.msg:_resolve_type:162 - resolved type [Vector3]: geometry_msgs/Vector3
2021-09-07 13:24:01.908 | DEBUG    | roswire.common.msg:_resolve_type:162 - resolved type [Header]: std_msgs/Header
2021-09-07 13:24:01.908 | DEBUG    | roswire.common.msg:_resolve_type:162 - resolved type [Wrench]: geometry_msgs/Wrench
2021-09-07 13:24:18.412 | DEBUG    | roswire.common.msg:_resolve_type:162 - resolved type [Header]: std_msgs/Header
2021-09-07 13:24:23.355 | DEBUG    | roswire.common.msg:_resolve_type:162 - resolved type [Header]: std_msgs/Header
2021-09-07 13:24:23.748 | DEBUG    | roswire.common.msg:_resolve_type:162 - resolved type [Header]: std_msgs/Header
2021-09-07 13:24:23.748 | DEBUG    | roswire.common.msg:_resolve_type:162 - resolved type [RegionOfInterest]: sensor_msgs/RegionOfInterest
2021-09-07 13:24:24.964 | DEBUG    | roswire.common.msg:_resolve_type:162 - resolved type [Header]: std_msgs/Header
2021-09-07 13:24:25.540 | DEBUG    | roswire.common.msg:_resolve_type:162 - resolved type [Header]: std_msgs/Header
2021-09-07 13:24:26.093 | DEBUG    | roswire.common.msg:_resolve_type:162 - resolved type [Header]: std_msgs/Header
2021-09-07 13:24:26.624 | DEBUG    | roswire.common.msg:_resolve_type:162 - resolved type [Header]: std_msgs/Header
2021-09-07 13:24:27.187 | DEBUG    | roswire.common.msg:_resolve_type:162 - resolved type [Header]: std_msgs/Header
2021-09-07 13:24:27.724 | DEBUG    | roswire.common.msg:_resolve_type:162 - resolved type [Header]: std_msgs/Header
2021-09-07 13:24:28.268 | DEBUG    | roswire.common.msg:_resolve_type:162 - resolved type [Header]: std_msgs/Header
