2021-09-07 13:15:01.153 | DEBUG    | __main__:recover_system:87 - calling rosdiscover: ['launch', '/tmp/tmpdi6c8qg9.rosdiscover.yml', '--output', '/home/tdurschm/rosdiscover-evaluation/experiments/detection/subjects/autorally-01/buggy.architecture.yml']
2021-09-07 13:15:01.156 | DEBUG    | rosdiscover.config:from_yaml_string:209 - loading config from YAML string:
<_io.TextIOWrapper name='/tmp/tmpdi6c8qg9.rosdiscover.yml' mode='r' encoding='UTF-8'>
2021-09-07 13:15:01.161 | DEBUG    | roswire.roswire:__init__:40 - no workspace specified: using default workspace.
2021-09-07 13:15:01.161 | DEBUG    | roswire.roswire:__init__:43 - default workspace: /home/tdurschm/.roswire
2021-09-07 13:15:01.168 | DEBUG    | rosdiscover.config:from_yaml_string:212 - loaded config from YAML string: Config(image='rosdiscover-experiments/autorally:3b916fdac0a5b99c8725c9c7ca179fdfb0670af2', sources=('/opt/ros/indigo/setup.bash', '/ros_ws/devel/setup.bash', '/ros_ws/src/autorally/autorally_util/setupEnvLocal.sh'), launches=(Launch(filename='/ros_ws/src/autorally/autorally_core/launch/stateEstimator.launch', arguments={}), Launch(filename='/ros_ws/src/autorally/autorally_core/launch/baseStation.launch', arguments={})), environment=mappingproxy({}), node_sources={('autorally_core', 'imuGpsEstimator'): NodeSourceInfo(package_name='autorally_core', node_name='imuGpsEstimator', node_kind=<ROSNodeKind.NODE: 'node'>, restrict_to_paths=['/ros_ws/devel/include/autorally_core', '/ros_ws/src/autorally/autorally_core'], entrypoint='main', sources=['src/StateEstimator/IMU_GPS.cpp']), ('autorally_core', 'gpsHemisphereInterface'): NodeSourceInfo(package_name='autorally_core', node_name='gpsHemisphereInterface', node_kind=<ROSNodeKind.NODE: 'node'>, restrict_to_paths=['/ros_ws/devel/include/autorally_core', '/ros_ws/src/autorally/autorally_core'], entrypoint='main', sources=['src/gps/GPSHemisphere.cpp']), ('autorally_core', 'xbeeCoordinator'): NodeSourceInfo(package_name='autorally_core', node_name='xbeeCoordinator', node_kind=<ROSNodeKind.NODE: 'node'>, restrict_to_paths=['/ros_ws/devel/include/autorally_core', '/ros_ws/src/autorally/autorally_core'], entrypoint='main', sources=['src/xbee/XbeeCoordinator.cpp', 'src/xbee/XbeeInterface.cpp']), ('autorally_core', 'runStop'): NodeSourceInfo(package_name='autorally_core', node_name='runStop', node_kind=<ROSNodeKind.NODE: 'node'>, restrict_to_paths=['/ros_ws/devel/include/autorally_core', '/ros_ws/src/autorally/autorally_core'], entrypoint='main', sources=['src/RunStop/RunStop.cpp'])}, app=App(image='rosdiscover-experiments/autorally:3b916fdac0a5b99c8725c9c7ca179fdfb0670af2', sources=('/opt/ros/indigo/setup.bash', '/ros_ws/devel/setup.bash', '/ros_ws/src/autorally/autorally_util/setupEnvLocal.sh')))
2021-09-07 13:15:01.168 | INFO     | rosdiscover.cli:_launch:47 - reconstructing architecture for image [rosdiscover-experiments/autorally:3b916fdac0a5b99c8725c9c7ca179fdfb0670af2]
2021-09-07 13:15:01.168 | DEBUG    | roswire.roswire:__init__:40 - no workspace specified: using default workspace.
2021-09-07 13:15:01.168 | DEBUG    | roswire.roswire:__init__:43 - default workspace: /home/tdurschm/.roswire
2021-09-07 13:15:04.329 | WARNING  | roswire.ros1.package:_determine_paths:126 - unable to find directory in ROS_PACKAGE_PATH: /opt/ros/indigo/stacks
2021-09-07 13:15:15.208 | DEBUG    | roswire.common.msg:_resolve_type:162 - resolved type [Header]: std_msgs/Header
2021-09-07 13:15:15.668 | DEBUG    | roswire.common.msg:_resolve_type:162 - resolved type [Header]: std_msgs/Header
2021-09-07 13:15:24.316 | DEBUG    | roswire.common.msg:_resolve_type:162 - resolved type [Vector3]: geometry_msgs/Vector3
2021-09-07 13:15:24.317 | DEBUG    | roswire.common.msg:_resolve_type:162 - resolved type [Vector3]: geometry_msgs/Vector3
2021-09-07 13:15:24.752 | DEBUG    | roswire.common.msg:_resolve_type:162 - resolved type [Header]: std_msgs/Header
2021-09-07 13:15:24.752 | DEBUG    | roswire.common.msg:_resolve_type:162 - resolved type [Accel]: geometry_msgs/Accel
2021-09-07 13:15:25.180 | DEBUG    | roswire.common.msg:_resolve_type:162 - resolved type [Accel]: geometry_msgs/Accel
2021-09-07 13:15:25.636 | DEBUG    | roswire.common.msg:_resolve_type:162 - resolved type [Header]: std_msgs/Header
2021-09-07 13:15:25.636 | DEBUG    | roswire.common.msg:_resolve_type:162 - resolved type [AccelWithCovariance]: geometry_msgs/AccelWithCovariance
2021-09-07 13:15:26.580 | DEBUG    | roswire.common.msg:_resolve_type:162 - resolved type [Header]: std_msgs/Header
2021-09-07 13:15:26.580 | DEBUG    | roswire.common.msg:_resolve_type:162 - resolved type [Inertia]: geometry_msgs/Inertia
2021-09-07 13:15:27.900 | DEBUG    | roswire.common.msg:_resolve_type:162 - resolved type [Header]: std_msgs/Header
2021-09-07 13:15:27.900 | DEBUG    | roswire.common.msg:_resolve_type:162 - resolved type [Point]: geometry_msgs/Point
2021-09-07 13:15:28.348 | DEBUG    | roswire.common.msg:_resolve_type:162 - resolved type [Point32[]]: geometry_msgs/Point32[]
2021-09-07 13:15:28.780 | DEBUG    | roswire.common.msg:_resolve_type:162 - resolved type [Header]: std_msgs/Header
2021-09-07 13:15:28.780 | DEBUG    | roswire.common.msg:_resolve_type:162 - resolved type [Polygon]: geometry_msgs/Polygon
2021-09-07 13:15:29.231 | DEBUG    | roswire.common.msg:_resolve_type:162 - resolved type [Point]: geometry_msgs/Point
2021-09-07 13:15:29.232 | DEBUG    | roswire.common.msg:_resolve_type:162 - resolved type [Quaternion]: geometry_msgs/Quaternion
2021-09-07 13:15:30.088 | DEBUG    | roswire.common.msg:_resolve_type:162 - resolved type [Header]: std_msgs/Header
2021-09-07 13:15:30.088 | DEBUG    | roswire.common.msg:_resolve_type:162 - resolved type [Pose[]]: geometry_msgs/Pose[]
2021-09-07 13:15:30.532 | DEBUG    | roswire.common.msg:_resolve_type:162 - resolved type [Header]: std_msgs/Header
2021-09-07 13:15:30.533 | DEBUG    | roswire.common.msg:_resolve_type:162 - resolved type [Pose]: geometry_msgs/Pose
2021-09-07 13:15:30.968 | DEBUG    | roswire.common.msg:_resolve_type:162 - resolved type [Pose]: geometry_msgs/Pose
2021-09-07 13:15:31.424 | DEBUG    | roswire.common.msg:_resolve_type:162 - resolved type [Header]: std_msgs/Header
2021-09-07 13:15:31.424 | DEBUG    | roswire.common.msg:_resolve_type:162 - resolved type [PoseWithCovariance]: geometry_msgs/PoseWithCovariance
2021-09-07 13:15:32.320 | DEBUG    | roswire.common.msg:_resolve_type:162 - resolved type [Header]: std_msgs/Header
2021-09-07 13:15:32.320 | DEBUG    | roswire.common.msg:_resolve_type:162 - resolved type [Quaternion]: geometry_msgs/Quaternion
2021-09-07 13:15:32.748 | DEBUG    | roswire.common.msg:_resolve_type:162 - resolved type [Vector3]: geometry_msgs/Vector3
2021-09-07 13:15:32.749 | DEBUG    | roswire.common.msg:_resolve_type:162 - resolved type [Quaternion]: geometry_msgs/Quaternion
2021-09-07 13:15:33.180 | DEBUG    | roswire.common.msg:_resolve_type:162 - resolved type [Header]: std_msgs/Header
2021-09-07 13:15:33.181 | DEBUG    | roswire.common.msg:_resolve_type:162 - resolved type [Transform]: geometry_msgs/Transform
2021-09-07 13:15:33.628 | DEBUG    | roswire.common.msg:_resolve_type:162 - resolved type [Vector3]: geometry_msgs/Vector3
2021-09-07 13:15:33.628 | DEBUG    | roswire.common.msg:_resolve_type:162 - resolved type [Vector3]: geometry_msgs/Vector3
2021-09-07 13:15:34.060 | DEBUG    | roswire.common.msg:_resolve_type:162 - resolved type [Header]: std_msgs/Header
2021-09-07 13:15:34.061 | DEBUG    | roswire.common.msg:_resolve_type:162 - resolved type [Twist]: geometry_msgs/Twist
2021-09-07 13:15:34.516 | DEBUG    | roswire.common.msg:_resolve_type:162 - resolved type [Twist]: geometry_msgs/Twist
2021-09-07 13:15:34.956 | DEBUG    | roswire.common.msg:_resolve_type:162 - resolved type [Header]: std_msgs/Header
2021-09-07 13:15:34.957 | DEBUG    | roswire.common.msg:_resolve_type:162 - resolved type [TwistWithCovariance]: geometry_msgs/TwistWithCovariance
2021-09-07 13:15:35.852 | DEBUG    | roswire.common.msg:_resolve_type:162 - resolved type [Header]: std_msgs/Header
2021-09-07 13:15:35.853 | DEBUG    | roswire.common.msg:_resolve_type:162 - resolved type [Vector3]: geometry_msgs/Vector3
2021-09-07 13:15:36.287 | DEBUG    | roswire.common.msg:_resolve_type:162 - resolved type [Vector3]: geometry_msgs/Vector3
2021-09-07 13:15:36.288 | DEBUG    | roswire.common.msg:_resolve_type:162 - resolved type [Vector3]: geometry_msgs/Vector3
2021-09-07 13:15:36.740 | DEBUG    | roswire.common.msg:_resolve_type:162 - resolved type [Header]: std_msgs/Header
2021-09-07 13:15:36.740 | DEBUG    | roswire.common.msg:_resolve_type:162 - resolved type [Wrench]: geometry_msgs/Wrench
2021-09-07 13:15:38.316 | DEBUG    | roswire.common.msg:_resolve_type:162 - resolved type [Header]: std_msgs/Header
2021-09-07 13:15:38.686 | DEBUG    | roswire.common.msg:_resolve_type:162 - resolved type [Header]: std_msgs/Header
2021-09-07 13:15:38.687 | DEBUG    | roswire.common.msg:_resolve_type:162 - resolved type [RegionOfInterest]: sensor_msgs/RegionOfInterest
2021-09-07 13:15:39.668 | DEBUG    | roswire.common.msg:_resolve_type:162 - resolved type [Header]: std_msgs/Header
2021-09-07 13:15:40.120 | DEBUG    | roswire.common.msg:_resolve_type:162 - resolved type [Header]: std_msgs/Header
2021-09-07 13:15:40.552 | DEBUG    | roswire.common.msg:_resolve_type:162 - resolved type [Header]: std_msgs/Header
2021-09-07 13:15:40.992 | DEBUG    | roswire.common.msg:_resolve_type:162 - resolved type [Header]: std_msgs/Header
2021-09-07 13:15:41.432 | DEBUG    | roswire.common.msg:_resolve_type:162 - resolved type [Header]: std_msgs/Header
2021-09-07 13:15:41.872 | DEBUG    | roswire.common.msg:_resolve_type:162 - resolved type [Header]: std_msgs/Header
2021-09-07 13:15:42.304 | DEBUG    | roswire.common.msg:_resolve_type:162 - resolved type [Header]: std_msgs/Header
2021-09-07 13:15:43.216 | DEBUG    | roswire.common.msg:_resolve_type:162 - resolved type [JoyFeedback[]]: sensor_msgs/JoyFeedback[]
2021-09-07 13:15:44.099 | DEBUG    | roswire.common.msg:_resolve_type:162 - resolved type [Header]: std_msgs/Header
2021-09-07 13:15:44.528 | DEBUG    | roswire.common.msg:_resolve_type:162 - resolved type [Header]: std_msgs/Header
2021-09-07 13:15:44.968 | DEBUG    | roswire.common.msg:_resolve_type:162 - resolved type [Header]: std_msgs/Header
2021-09-07 13:15:45.400 | DEBUG    | roswire.common.msg:_resolve_type:162 - resolved type [Header]: std_msgs/Header
2021-09-07 13:15:45.400 | DEBUG    | roswire.common.msg:_resolve_type:162 - resolved type [LaserEcho[]]: sensor_msgs/LaserEcho[]
2021-09-07 13:15:45.401 | DEBUG    | roswire.common.msg:_resolve_type:162 - resolved type [LaserEcho[]]: sensor_msgs/LaserEcho[]
2021-09-07 13:15:45.844 | DEBUG    | roswire.common.msg:_resolve_type:162 - resolved type [Header]: std_msgs/Header
2021-09-07 13:15:45.845 | DEBUG    | roswire.common.msg:_resolve_type:162 - resolved type [NavSatStatus]: sensor_msgs/NavSatStatus
2021-09-07 13:15:46.748 | DEBUG    | roswire.common.msg:_resolve_type:162 - resolved type [Header]: std_msgs/Header
2021-09-07 13:15:46.749 | DEBUG    | roswire.common.msg:_resolve_type:162 - resolved type [ChannelFloat32[]]: sensor_msgs/ChannelFloat32[]
2021-09-07 13:15:47.192 | DEBUG    | roswire.common.msg:_resolve_type:162 - resolved type [Header]: std_msgs/Header
2021-09-07 13:15:47.193 | DEBUG    | roswire.common.msg:_resolve_type:162 - resolved type [PointField[]]: sensor_msgs/PointField[]
2021-09-07 13:15:48.092 | DEBUG    | roswire.common.msg:_resolve_type:162 - resolved type [Header]: std_msgs/Header
2021-09-07 13:15:49.012 | DEBUG    | roswire.common.msg:_resolve_type:162 - resolved type [Header]: std_msgs/Header
2021-09-07 13:15:49.472 | DEBUG    | roswire.common.msg:_resolve_type:162 - resolved type [Header]: std_msgs/Header
2021-09-07 13:15:49.936 | DEBUG    | roswire.common.msg:_resolve_type:162 - resolved type [Header]: std_msgs/Header
2021-09-07 13:15:52.204 | DEBUG    | roswire.common.msg:_resolve_type:162 - resolved type [Header]: std_msgs/Header
2021-09-07 13:15:53.084 | DEBUG    | roswire.common.msg:_resolve_type:162 - resolved type [Header]: std_msgs/Header
2021-09-07 13:15:53.085 | DEBUG    | roswire.common.msg:_resolve_type:162 - resolved type [MapMetaData]: nav_msgs/MapMetaData
2021-09-07 13:15:53.528 | DEBUG    | roswire.common.msg:_resolve_type:162 - resolved type [Header]: std_msgs/Header
2021-09-07 13:15:53.960 | DEBUG    | roswire.common.msg:_resolve_type:162 - resolved type [Header]: std_msgs/Header
2021-09-07 13:15:58.224 | DEBUG    | roswire.common.msg:_resolve_type:162 - resolved type [GoalID]: actionlib_msgs/GoalID
2021-09-07 13:15:58.720 | DEBUG    | roswire.common.msg:_resolve_type:162 - resolved type [Header]: std_msgs/Header
2021-09-07 13:15:58.721 | DEBUG    | roswire.common.msg:_resolve_type:162 - resolved type [GoalStatus[]]: actionlib_msgs/GoalStatus[]
2021-09-07 13:16:00.284 | DEBUG    | roswire.common.msg:_resolve_type:162 - resolved type [Header]: std_msgs/Header
2021-09-07 13:16:00.728 | DEBUG    | roswire.common.msg:_resolve_type:162 - resolved type [Header]: std_msgs/Header
2021-09-07 13:16:00.728 | DEBUG    | roswire.common.msg:_resolve_type:162 - resolved type [MenuEntry[]]: visualization_msgs/MenuEntry[]
2021-09-07 13:16:00.729 | DEBUG    | roswire.common.msg:_resolve_type:162 - resolved type [InteractiveMarkerControl[]]: visualization_msgs/InteractiveMarkerControl[]
2021-09-07 13:16:01.163 | DEBUG    | roswire.common.msg:_resolve_type:162 - resolved type [Marker[]]: visualization_msgs/Marker[]
2021-09-07 13:16:01.611 | DEBUG    | roswire.common.msg:_resolve_type:162 - resolved type [Header]: std_msgs/Header
2021-09-07 13:16:02.060 | DEBUG    | roswire.common.msg:_resolve_type:162 - resolved type [InteractiveMarker[]]: visualization_msgs/InteractiveMarker[]
2021-09-07 13:16:02.505 | DEBUG    | roswire.common.msg:_resolve_type:162 - resolved type [Header]: std_msgs/Header
2021-09-07 13:16:02.968 | DEBUG    | roswire.common.msg:_resolve_type:162 - resolved type [InteractiveMarker[]]: visualization_msgs/InteractiveMarker[]
2021-09-07 13:16:02.968 | DEBUG    | roswire.common.msg:_resolve_type:162 - resolved type [InteractiveMarkerPose[]]: visualization_msgs/InteractiveMarkerPose[]
2021-09-07 13:16:03.415 | DEBUG    | roswire.common.msg:_resolve_type:162 - resolved type [Header]: std_msgs/Header
2021-09-07 13:16:03.868 | DEBUG    | roswire.common.msg:_resolve_type:162 - resolved type [Marker[]]: visualization_msgs/Marker[]
2021-09-07 13:16:05.852 | DEBUG    | roswire.common.msg:_resolve_type:162 - resolved type [Header]: std_msgs/Header
2021-09-07 13:16:05.853 | DEBUG    | roswire.common.msg:_resolve_type:162 - resolved type [JointTrajectoryPoint[]]: trajectory_msgs/JointTrajectoryPoint[]
2021-09-07 13:16:06.772 | DEBUG    | roswire.common.msg:_resolve_type:162 - resolved type [Header]: std_msgs/Header
2021-09-07 13:16:06.773 | DEBUG    | roswire.common.msg:_resolve_type:162 - resolved type [MultiDOFJointTrajectoryPoint[]]: trajectory_msgs/MultiDOFJointTrajectoryPoint[]
2021-09-07 13:16:08.768 | DEBUG    | roswire.common.msg:_resolve_type:162 - resolved type [Header]: std_msgs/Header
2021-09-07 13:16:08.768 | DEBUG    | roswire.common.msg:_resolve_type:162 - resolved type [DiagnosticStatus[]]: diagnostic_msgs/DiagnosticStatus[]
2021-09-07 13:16:09.212 | DEBUG    | roswire.common.msg:_resolve_type:162 - resolved type [KeyValue[]]: diagnostic_msgs/KeyValue[]
2021-09-07 13:16:11.032 | DEBUG    | roswire.common.msg:_resolve_type:162 - resolved type [DiagnosticStatus[]]: diagnostic_msgs/DiagnosticStatus[]
2021-09-07 13:16:15.292 | DEBUG    | roswire.common.msg:_resolve_type:162 - resolved type [BoolParameter[]]: dynamic_reconfigure/BoolParameter[]
2021-09-07 13:16:15.292 | DEBUG    | roswire.common.msg:_resolve_type:162 - resolved type [IntParameter[]]: dynamic_reconfigure/IntParameter[]
2021-09-07 13:16:15.293 | DEBUG    | roswire.common.msg:_resolve_type:162 - resolved type [StrParameter[]]: dynamic_reconfigure/StrParameter[]
2021-09-07 13:16:15.293 | DEBUG    | roswire.common.msg:_resolve_type:162 - resolved type [DoubleParameter[]]: dynamic_reconfigure/DoubleParameter[]
2021-09-07 13:16:15.293 | DEBUG    | roswire.common.msg:_resolve_type:162 - resolved type [GroupState[]]: dynamic_reconfigure/GroupState[]
2021-09-07 13:16:15.740 | DEBUG    | roswire.common.msg:_resolve_type:162 - resolved type [Group[]]: dynamic_reconfigure/Group[]
2021-09-07 13:16:15.740 | DEBUG    | roswire.common.msg:_resolve_type:162 - resolved type [Config]: dynamic_reconfigure/Config
2021-09-07 13:16:15.740 | DEBUG    | roswire.common.msg:_resolve_type:162 - resolved type [Config]: dynamic_reconfigure/Config
2021-09-07 13:16:15.741 | DEBUG    | roswire.common.msg:_resolve_type:162 - resolved type [Config]: dynamic_reconfigure/Config
2021-09-07 13:16:16.624 | DEBUG    | roswire.common.msg:_resolve_type:162 - resolved type [ParamDescription[]]: dynamic_reconfigure/ParamDescription[]
2021-09-07 13:16:19.752 | DEBUG    | roswire.common.msg:_resolve_type:162 - resolved type [Config]: dynamic_reconfigure/Config
2021-09-07 13:16:19.753 | DEBUG    | roswire.common.msg:_resolve_type:162 - resolved type [Config]: dynamic_reconfigure/Config
2021-09-07 13:16:24.700 | DEBUG    | roswire.common.msg:_resolve_type:162 - resolved type [Header]: std_msgs/Header
2021-09-07 13:16:24.700 | DEBUG    | roswire.common.msg:_resolve_type:162 - resolved type [GPSStatus]: gps_common/GPSStatus
2021-09-07 13:16:25.168 | DEBUG    | roswire.common.msg:_resolve_type:162 - resolved type [Header]: std_msgs/Header
2021-09-07 13:16:36.252 | DEBUG    | roswire.common.msg:_resolve_type:162 - resolved type [ControllerState[]]: controller_manager_msgs/ControllerState[]
2021-09-07 13:17:06.424 | DEBUG    | roswire.common.msg:_resolve_type:162 - resolved type [Header]: std_msgs/Header
2021-09-07 13:17:09.520 | DEBUG    | roswire.common.msg:_resolve_type:162 - resolved type [Header]: std_msgs/Header
2021-09-07 13:17:24.276 | DEBUG    | roswire.common.msg:_resolve_type:162 - resolved type [Header]: std_msgs/Header
2021-09-07 13:17:52.572 | DEBUG    | roswire.common.msg:_resolve_type:162 - resolved type [Logger[]]: roscpp/Logger[]
2021-09-07 13:17:59.764 | DEBUG    | roswire.common.msg:_resolve_type:162 - resolved type [MultiArrayLayout]: std_msgs/MultiArrayLayout
2021-09-07 13:18:02.364 | DEBUG    | roswire.common.msg:_resolve_type:162 - resolved type [MultiArrayLayout]: std_msgs/MultiArrayLayout
2021-09-07 13:18:03.244 | DEBUG    | roswire.common.msg:_resolve_type:162 - resolved type [MultiArrayLayout]: std_msgs/MultiArrayLayout
2021-09-07 13:18:04.520 | DEBUG    | roswire.common.msg:_resolve_type:162 - resolved type [MultiArrayLayout]: std_msgs/MultiArrayLayout
2021-09-07 13:18:05.404 | DEBUG    | roswire.common.msg:_resolve_type:162 - resolved type [MultiArrayLayout]: std_msgs/MultiArrayLayout
2021-09-07 13:18:06.332 | DEBUG    | roswire.common.msg:_resolve_type:162 - resolved type [MultiArrayLayout]: std_msgs/MultiArrayLayout
2021-09-07 13:18:07.252 | DEBUG    | roswire.common.msg:_resolve_type:162 - resolved type [MultiArrayLayout]: std_msgs/MultiArrayLayout
2021-09-07 13:18:08.128 | DEBUG    | roswire.common.msg:_resolve_type:162 - resolved type [MultiArrayDimension[]]: std_msgs/MultiArrayDimension[]
2021-09-07 13:18:09.952 | DEBUG    | roswire.common.msg:_resolve_type:162 - resolved type [MultiArrayLayout]: std_msgs/MultiArrayLayout
2021-09-07 13:18:10.836 | DEBUG    | roswire.common.msg:_resolve_type:162 - resolved type [MultiArrayLayout]: std_msgs/MultiArrayLayout
2021-09-07 13:18:11.704 | DEBUG    | roswire.common.msg:_resolve_type:162 - resolved type [MultiArrayLayout]: std_msgs/MultiArrayLayout
2021-09-07 13:18:12.560 | DEBUG    | roswire.common.msg:_resolve_type:162 - resolved type [MultiArrayLayout]: std_msgs/MultiArrayLayout
2021-09-07 13:18:17.484 | DEBUG    | roswire.common.msg:_resolve_type:162 - resolved type [Header]: std_msgs/Header
2021-09-07 13:18:18.340 | DEBUG    | roswire.common.msg:_resolve_type:162 - resolved type [Header]: std_msgs/Header
2021-09-07 13:18:20.604 | DEBUG    | roswire.common.msg:_resolve_type:162 - resolved type [JointTolerance[]]: control_msgs/JointTolerance[]
2021-09-07 13:18:20.605 | DEBUG    | roswire.common.msg:_resolve_type:162 - resolved type [JointTolerance[]]: control_msgs/JointTolerance[]
2021-09-07 13:18:20.605 | DEBUG    | roswire.common.msg:_resolve_type:162 - resolved type [Header]: std_msgs/Header
2021-09-07 13:18:21.080 | DEBUG    | roswire.common.msg:_resolve_type:162 - resolved type [GripperCommand]: control_msgs/GripperCommand
2021-09-07 13:18:22.399 | DEBUG    | roswire.common.msg:_resolve_type:162 - resolved type [Header]: std_msgs/Header
2021-09-07 13:18:33.820 | DEBUG    | roswire.common.msg:_resolve_type:162 - resolved type [Header]: std_msgs/Header
2021-09-07 13:18:33.821 | DEBUG    | roswire.common.msg:_resolve_type:162 - resolved type [point2D[]]: autorally_msgs/point2D[]
2021-09-07 13:18:33.821 | DEBUG    | roswire.common.msg:_resolve_type:162 - resolved type [line2D[]]: autorally_msgs/line2D[]
2021-09-07 13:18:34.292 | DEBUG    | roswire.common.msg:_resolve_type:162 - resolved type [point2D]: autorally_msgs/point2D
2021-09-07 13:18:34.293 | DEBUG    | roswire.common.msg:_resolve_type:162 - resolved type [point2D]: autorally_msgs/point2D
2021-09-07 13:18:35.244 | DEBUG    | roswire.common.msg:_resolve_type:162 - resolved type [Header]: std_msgs/Header
2021-09-07 13:18:35.676 | DEBUG    | roswire.common.msg:_resolve_type:162 - resolved type [Header]: std_msgs/Header
2021-09-07 13:18:36.132 | DEBUG    | roswire.common.msg:_resolve_type:162 - resolved type [Header]: std_msgs/Header
2021-09-07 13:18:43.560 | DEBUG    | roswire.common.msg:_resolve_type:162 - resolved type [Header]: std_msgs/Header
2021-09-07 13:19:08.520 | DEBUG    | roswire.common.msg:_resolve_type:162 - resolved type [Header]: std_msgs/Header
2021-09-07 13:19:16.816 | DEBUG    | roswire.common.msg:_resolve_type:162 - resolved type [Vector3]: geometry_msgs/Vector3
2021-09-07 13:19:16.816 | DEBUG    | roswire.common.msg:_resolve_type:162 - resolved type [Vector3]: geometry_msgs/Vector3
2021-09-07 13:19:17.252 | DEBUG    | roswire.common.msg:_resolve_type:162 - resolved type [Header]: std_msgs/Header
2021-09-07 13:19:17.252 | DEBUG    | roswire.common.msg:_resolve_type:162 - resolved type [Accel]: geometry_msgs/Accel
2021-09-07 13:19:17.692 | DEBUG    | roswire.common.msg:_resolve_type:162 - resolved type [Accel]: geometry_msgs/Accel
2021-09-07 13:19:18.132 | DEBUG    | roswire.common.msg:_resolve_type:162 - resolved type [Header]: std_msgs/Header
2021-09-07 13:19:18.132 | DEBUG    | roswire.common.msg:_resolve_type:162 - resolved type [AccelWithCovariance]: geometry_msgs/AccelWithCovariance
2021-09-07 13:19:19.020 | DEBUG    | roswire.common.msg:_resolve_type:162 - resolved type [Header]: std_msgs/Header
2021-09-07 13:19:19.021 | DEBUG    | roswire.common.msg:_resolve_type:162 - resolved type [Inertia]: geometry_msgs/Inertia
2021-09-07 13:19:20.360 | DEBUG    | roswire.common.msg:_resolve_type:162 - resolved type [Header]: std_msgs/Header
2021-09-07 13:19:20.360 | DEBUG    | roswire.common.msg:_resolve_type:162 - resolved type [Point]: geometry_msgs/Point
2021-09-07 13:19:20.803 | DEBUG    | roswire.common.msg:_resolve_type:162 - resolved type [Point32[]]: geometry_msgs/Point32[]
2021-09-07 13:19:21.251 | DEBUG    | roswire.common.msg:_resolve_type:162 - resolved type [Header]: std_msgs/Header
2021-09-07 13:19:21.252 | DEBUG    | roswire.common.msg:_resolve_type:162 - resolved type [Polygon]: geometry_msgs/Polygon
2021-09-07 13:19:21.708 | DEBUG    | roswire.common.msg:_resolve_type:162 - resolved type [Point]: geometry_msgs/Point
2021-09-07 13:19:21.708 | DEBUG    | roswire.common.msg:_resolve_type:162 - resolved type [Quaternion]: geometry_msgs/Quaternion
2021-09-07 13:19:22.624 | DEBUG    | roswire.common.msg:_resolve_type:162 - resolved type [Header]: std_msgs/Header
2021-09-07 13:19:22.625 | DEBUG    | roswire.common.msg:_resolve_type:162 - resolved type [Pose[]]: geometry_msgs/Pose[]
2021-09-07 13:19:23.088 | DEBUG    | roswire.common.msg:_resolve_type:162 - resolved type [Header]: std_msgs/Header
2021-09-07 13:19:23.089 | DEBUG    | roswire.common.msg:_resolve_type:162 - resolved type [Pose]: geometry_msgs/Pose
2021-09-07 13:19:23.552 | DEBUG    | roswire.common.msg:_resolve_type:162 - resolved type [Pose]: geometry_msgs/Pose
2021-09-07 13:19:23.996 | DEBUG    | roswire.common.msg:_resolve_type:162 - resolved type [Header]: std_msgs/Header
2021-09-07 13:19:23.996 | DEBUG    | roswire.common.msg:_resolve_type:162 - resolved type [PoseWithCovariance]: geometry_msgs/PoseWithCovariance
2021-09-07 13:19:24.860 | DEBUG    | roswire.common.msg:_resolve_type:162 - resolved type [Header]: std_msgs/Header
2021-09-07 13:19:24.860 | DEBUG    | roswire.common.msg:_resolve_type:162 - resolved type [Quaternion]: geometry_msgs/Quaternion
2021-09-07 13:19:25.372 | DEBUG    | roswire.common.msg:_resolve_type:162 - resolved type [Vector3]: geometry_msgs/Vector3
2021-09-07 13:19:25.372 | DEBUG    | roswire.common.msg:_resolve_type:162 - resolved type [Quaternion]: geometry_msgs/Quaternion
2021-09-07 13:19:25.820 | DEBUG    | roswire.common.msg:_resolve_type:162 - resolved type [Header]: std_msgs/Header
2021-09-07 13:19:25.820 | DEBUG    | roswire.common.msg:_resolve_type:162 - resolved type [Transform]: geometry_msgs/Transform
2021-09-07 13:19:26.264 | DEBUG    | roswire.common.msg:_resolve_type:162 - resolved type [Vector3]: geometry_msgs/Vector3
2021-09-07 13:19:26.265 | DEBUG    | roswire.common.msg:_resolve_type:162 - resolved type [Vector3]: geometry_msgs/Vector3
2021-09-07 13:19:26.767 | DEBUG    | roswire.common.msg:_resolve_type:162 - resolved type [Header]: std_msgs/Header
2021-09-07 13:19:26.768 | DEBUG    | roswire.common.msg:_resolve_type:162 - resolved type [Twist]: geometry_msgs/Twist
2021-09-07 13:19:27.227 | DEBUG    | roswire.common.msg:_resolve_type:162 - resolved type [Twist]: geometry_msgs/Twist
2021-09-07 13:19:27.700 | DEBUG    | roswire.common.msg:_resolve_type:162 - resolved type [Header]: std_msgs/Header
2021-09-07 13:19:27.700 | DEBUG    | roswire.common.msg:_resolve_type:162 - resolved type [TwistWithCovariance]: geometry_msgs/TwistWithCovariance
2021-09-07 13:19:28.600 | DEBUG    | roswire.common.msg:_resolve_type:162 - resolved type [Header]: std_msgs/Header
2021-09-07 13:19:28.600 | DEBUG    | roswire.common.msg:_resolve_type:162 - resolved type [Vector3]: geometry_msgs/Vector3
2021-09-07 13:19:29.088 | DEBUG    | roswire.common.msg:_resolve_type:162 - resolved type [Vector3]: geometry_msgs/Vector3
2021-09-07 13:19:29.089 | DEBUG    | roswire.common.msg:_resolve_type:162 - resolved type [Vector3]: geometry_msgs/Vector3
2021-09-07 13:19:29.552 | DEBUG    | roswire.common.msg:_resolve_type:162 - resolved type [Header]: std_msgs/Header
2021-09-07 13:19:29.553 | DEBUG    | roswire.common.msg:_resolve_type:162 - resolved type [Wrench]: geometry_msgs/Wrench
2021-09-07 13:19:44.633 | DEBUG    | roswire.common.msg:_resolve_type:162 - resolved type [Header]: std_msgs/Header
2021-09-07 13:19:49.064 | DEBUG    | roswire.common.msg:_resolve_type:162 - resolved type [Header]: std_msgs/Header
2021-09-07 13:19:49.493 | DEBUG    | roswire.common.msg:_resolve_type:162 - resolved type [Header]: std_msgs/Header
2021-09-07 13:19:49.493 | DEBUG    | roswire.common.msg:_resolve_type:162 - resolved type [RegionOfInterest]: sensor_msgs/RegionOfInterest
2021-09-07 13:19:50.536 | DEBUG    | roswire.common.msg:_resolve_type:162 - resolved type [Header]: std_msgs/Header
2021-09-07 13:19:51.016 | DEBUG    | roswire.common.msg:_resolve_type:162 - resolved type [Header]: std_msgs/Header
2021-09-07 13:19:51.532 | DEBUG    | roswire.common.msg:_resolve_type:162 - resolved type [Header]: std_msgs/Header
2021-09-07 13:19:52.012 | DEBUG    | roswire.common.msg:_resolve_type:162 - resolved type [Header]: std_msgs/Header
2021-09-07 13:19:52.484 | DEBUG    | roswire.common.msg:_resolve_type:162 - resolved type [Header]: std_msgs/Header
2021-09-07 13:19:52.993 | DEBUG    | roswire.common.msg:_resolve_type:162 - resolved type [Header]: std_msgs/Header
2021-09-07 13:19:53.468 | DEBUG    | roswire.common.msg:_resolve_type:162 - resolved type [Header]: std_msgs/Header
2021-09-07 13:19:54.412 | DEBUG    | roswire.common.msg:_resolve_type:162 - resolved type [JoyFeedback[]]: sensor_msgs/JoyFeedback[]
2021-09-07 13:19:55.378 | DEBUG    | roswire.common.msg:_resolve_type:162 - resolved type [Header]: std_msgs/Header
2021-09-07 13:19:55.844 | DEBUG    | roswire.common.msg:_resolve_type:162 - resolved type [Header]: std_msgs/Header
2021-09-07 13:19:56.356 | DEBUG    | roswire.common.msg:_resolve_type:162 - resolved type [Header]: std_msgs/Header
2021-09-07 13:19:56.848 | DEBUG    | roswire.common.msg:_resolve_type:162 - resolved type [Header]: std_msgs/Header
2021-09-07 13:19:56.849 | DEBUG    | roswire.common.msg:_resolve_type:162 - resolved type [LaserEcho[]]: sensor_msgs/LaserEcho[]
2021-09-07 13:19:56.849 | DEBUG    | roswire.common.msg:_resolve_type:162 - resolved type [LaserEcho[]]: sensor_msgs/LaserEcho[]
2021-09-07 13:19:57.332 | DEBUG    | roswire.common.msg:_resolve_type:162 - resolved type [Header]: std_msgs/Header
2021-09-07 13:19:57.332 | DEBUG    | roswire.common.msg:_resolve_type:162 - resolved type [NavSatStatus]: sensor_msgs/NavSatStatus
2021-09-07 13:19:58.284 | DEBUG    | roswire.common.msg:_resolve_type:162 - resolved type [Header]: std_msgs/Header
2021-09-07 13:19:58.285 | DEBUG    | roswire.common.msg:_resolve_type:162 - resolved type [ChannelFloat32[]]: sensor_msgs/ChannelFloat32[]
2021-09-07 13:19:58.776 | DEBUG    | roswire.common.msg:_resolve_type:162 - resolved type [Header]: std_msgs/Header
2021-09-07 13:19:58.776 | DEBUG    | roswire.common.msg:_resolve_type:162 - resolved type [PointField[]]: sensor_msgs/PointField[]
2021-09-07 13:19:59.757 | DEBUG    | roswire.common.msg:_resolve_type:162 - resolved type [Header]: std_msgs/Header
2021-09-07 13:20:00.684 | DEBUG    | roswire.common.msg:_resolve_type:162 - resolved type [Header]: std_msgs/Header
2021-09-07 13:20:01.148 | DEBUG    | roswire.common.msg:_resolve_type:162 - resolved type [Header]: std_msgs/Header
2021-09-07 13:20:01.660 | DEBUG    | roswire.common.msg:_resolve_type:162 - resolved type [Header]: std_msgs/Header
2021-09-07 13:20:05.088 | DEBUG    | roswire.common.msg:_resolve_type:162 - resolved type [GetMapActionGoal]: nav_msgs/GetMapActionGoal
2021-09-07 13:20:05.088 | DEBUG    | roswire.common.msg:_resolve_type:162 - resolved type [GetMapActionResult]: nav_msgs/GetMapActionResult
2021-09-07 13:20:05.088 | DEBUG    | roswire.common.msg:_resolve_type:162 - resolved type [GetMapActionFeedback]: nav_msgs/GetMapActionFeedback
2021-09-07 13:20:05.555 | DEBUG    | roswire.common.msg:_resolve_type:162 - resolved type [Header]: std_msgs/Header
2021-09-07 13:20:05.556 | DEBUG    | roswire.common.msg:_resolve_type:162 - resolved type [GetMapFeedback]: nav_msgs/GetMapFeedback
2021-09-07 13:20:06.093 | DEBUG    | roswire.common.msg:_resolve_type:162 - resolved type [Header]: std_msgs/Header
2021-09-07 13:20:06.094 | DEBUG    | roswire.common.msg:_resolve_type:162 - resolved type [GetMapGoal]: nav_msgs/GetMapGoal
2021-09-07 13:20:06.593 | DEBUG    | roswire.common.msg:_resolve_type:162 - resolved type [Header]: std_msgs/Header
2021-09-07 13:20:06.593 | DEBUG    | roswire.common.msg:_resolve_type:162 - resolved type [GetMapResult]: nav_msgs/GetMapResult
2021-09-07 13:20:08.520 | DEBUG    | roswire.common.msg:_resolve_type:162 - resolved type [Header]: std_msgs/Header
2021-09-07 13:20:09.504 | DEBUG    | roswire.common.msg:_resolve_type:162 - resolved type [Header]: std_msgs/Header
2021-09-07 13:20:09.505 | DEBUG    | roswire.common.msg:_resolve_type:162 - resolved type [MapMetaData]: nav_msgs/MapMetaData
2021-09-07 13:20:10.000 | DEBUG    | roswire.common.msg:_resolve_type:162 - resolved type [Header]: std_msgs/Header
2021-09-07 13:20:10.508 | DEBUG    | roswire.common.msg:_resolve_type:162 - resolved type [Header]: std_msgs/Header
2021-09-07 13:20:23.956 | DEBUG    | roswire.common.msg:_resolve_type:162 - resolved type [MeshTriangle[]]: shape_msgs/MeshTriangle[]
2021-09-07 13:20:31.895 | DEBUG    | roswire.common.msg:_resolve_type:162 - resolved type [MultiArrayLayout]: std_msgs/MultiArrayLayout
2021-09-07 13:20:34.756 | DEBUG    | roswire.common.msg:_resolve_type:162 - resolved type [MultiArrayLayout]: std_msgs/MultiArrayLayout
2021-09-07 13:20:35.680 | DEBUG    | roswire.common.msg:_resolve_type:162 - resolved type [MultiArrayLayout]: std_msgs/MultiArrayLayout
2021-09-07 13:20:37.112 | DEBUG    | roswire.common.msg:_resolve_type:162 - resolved type [MultiArrayLayout]: std_msgs/MultiArrayLayout
2021-09-07 13:20:38.024 | DEBUG    | roswire.common.msg:_resolve_type:162 - resolved type [MultiArrayLayout]: std_msgs/MultiArrayLayout
2021-09-07 13:20:38.992 | DEBUG    | roswire.common.msg:_resolve_type:162 - resolved type [MultiArrayLayout]: std_msgs/MultiArrayLayout
2021-09-07 13:20:39.920 | DEBUG    | roswire.common.msg:_resolve_type:162 - resolved type [MultiArrayLayout]: std_msgs/MultiArrayLayout
2021-09-07 13:20:40.916 | DEBUG    | roswire.common.msg:_resolve_type:162 - resolved type [MultiArrayDimension[]]: std_msgs/MultiArrayDimension[]
2021-09-07 13:20:42.856 | DEBUG    | roswire.common.msg:_resolve_type:162 - resolved type [MultiArrayLayout]: std_msgs/MultiArrayLayout
2021-09-07 13:20:43.828 | DEBUG    | roswire.common.msg:_resolve_type:162 - resolved type [MultiArrayLayout]: std_msgs/MultiArrayLayout
2021-09-07 13:20:44.780 | DEBUG    | roswire.common.msg:_resolve_type:162 - resolved type [MultiArrayLayout]: std_msgs/MultiArrayLayout
2021-09-07 13:20:45.795 | DEBUG    | roswire.common.msg:_resolve_type:162 - resolved type [MultiArrayLayout]: std_msgs/MultiArrayLayout
2021-09-07 13:20:51.760 | DEBUG    | roswire.common.msg:_resolve_type:162 - resolved type [GoalID]: actionlib_msgs/GoalID
2021-09-07 13:20:52.268 | DEBUG    | roswire.common.msg:_resolve_type:162 - resolved type [Header]: std_msgs/Header
2021-09-07 13:20:52.268 | DEBUG    | roswire.common.msg:_resolve_type:162 - resolved type [GoalStatus[]]: actionlib_msgs/GoalStatus[]
2021-09-07 13:20:57.248 | DEBUG    | roswire.common.msg:_resolve_type:162 - resolved type [Logger[]]: roscpp/Logger[]
2021-09-07 13:21:00.088 | DEBUG    | roswire.common.msg:_resolve_type:162 - resolved type [Header]: std_msgs/Header
2021-09-07 13:21:00.564 | DEBUG    | roswire.common.msg:_resolve_type:162 - resolved type [Header]: std_msgs/Header
2021-09-07 13:21:00.564 | DEBUG    | roswire.common.msg:_resolve_type:162 - resolved type [MenuEntry[]]: visualization_msgs/MenuEntry[]
2021-09-07 13:21:00.564 | DEBUG    | roswire.common.msg:_resolve_type:162 - resolved type [InteractiveMarkerControl[]]: visualization_msgs/InteractiveMarkerControl[]
2021-09-07 13:21:01.048 | DEBUG    | roswire.common.msg:_resolve_type:162 - resolved type [Marker[]]: visualization_msgs/Marker[]
2021-09-07 13:21:01.516 | DEBUG    | roswire.common.msg:_resolve_type:162 - resolved type [Header]: std_msgs/Header
2021-09-07 13:21:01.980 | DEBUG    | roswire.common.msg:_resolve_type:162 - resolved type [InteractiveMarker[]]: visualization_msgs/InteractiveMarker[]
2021-09-07 13:21:02.428 | DEBUG    | roswire.common.msg:_resolve_type:162 - resolved type [Header]: std_msgs/Header
2021-09-07 13:21:02.904 | DEBUG    | roswire.common.msg:_resolve_type:162 - resolved type [InteractiveMarker[]]: visualization_msgs/InteractiveMarker[]
2021-09-07 13:21:02.905 | DEBUG    | roswire.common.msg:_resolve_type:162 - resolved type [InteractiveMarkerPose[]]: visualization_msgs/InteractiveMarkerPose[]
2021-09-07 13:21:03.415 | DEBUG    | roswire.common.msg:_resolve_type:162 - resolved type [Header]: std_msgs/Header
2021-09-07 13:21:03.911 | DEBUG    | roswire.common.msg:_resolve_type:162 - resolved type [Marker[]]: visualization_msgs/Marker[]
2021-09-07 13:21:07.023 | DEBUG    | roswire.common.msg:_resolve_type:162 - resolved type [Header]: std_msgs/Header
2021-09-07 13:21:07.024 | DEBUG    | roswire.common.msg:_resolve_type:162 - resolved type [JointTrajectoryPoint[]]: trajectory_msgs/JointTrajectoryPoint[]
2021-09-07 13:21:07.959 | DEBUG    | roswire.common.msg:_resolve_type:162 - resolved type [Header]: std_msgs/Header
2021-09-07 13:21:07.960 | DEBUG    | roswire.common.msg:_resolve_type:162 - resolved type [MultiDOFJointTrajectoryPoint[]]: trajectory_msgs/MultiDOFJointTrajectoryPoint[]
2021-09-07 13:21:10.104 | DEBUG    | roswire.common.msg:_resolve_type:162 - resolved type [Header]: std_msgs/Header
2021-09-07 13:21:10.104 | DEBUG    | roswire.common.msg:_resolve_type:162 - resolved type [DiagnosticStatus[]]: diagnostic_msgs/DiagnosticStatus[]
2021-09-07 13:21:10.613 | DEBUG    | roswire.common.msg:_resolve_type:162 - resolved type [KeyValue[]]: diagnostic_msgs/KeyValue[]
2021-09-07 13:21:12.480 | DEBUG    | roswire.common.msg:_resolve_type:162 - resolved type [DiagnosticStatus[]]: diagnostic_msgs/DiagnosticStatus[]
2021-09-07 13:21:29.964 | DEBUG    | roswire.common.msg:_resolve_type:162 - resolved type [ControllerState[]]: controller_manager_msgs/ControllerState[]
2021-09-07 13:21:59.691 | DEBUG    | roswire.common.msg:_resolve_type:162 - resolved type [Header]: std_msgs/Header
2021-09-07 13:22:00.192 | DEBUG    | roswire.common.msg:_resolve_type:162 - resolved type [Header]: std_msgs/Header
2021-09-07 13:22:26.760 | DEBUG    | roswire.common.msg:_resolve_type:162 - resolved type [Header]: std_msgs/Header
2021-09-07 13:22:27.268 | DEBUG    | roswire.common.msg:_resolve_type:162 - resolved type [Header]: std_msgs/Header
2021-09-07 13:22:27.764 | DEBUG    | roswire.common.msg:_resolve_type:162 - resolved type [Header]: std_msgs/Header
2021-09-07 13:22:27.765 | DEBUG    | roswire.common.msg:_resolve_type:162 - resolved type [Vertices[]]: pcl_msgs/Vertices[]
2021-09-07 13:22:37.852 | DEBUG    | roswire.common.msg:_resolve_type:162 - resolved type [Header]: std_msgs/Header
2021-09-07 13:22:43.020 | DEBUG    | roswire.common.msg:_resolve_type:162 - resolved type [Header]: std_msgs/Header
2021-09-07 13:22:49.876 | DEBUG    | roswire.common.msg:_resolve_type:162 - resolved type [ShapeActionGoal]: turtle_actionlib/ShapeActionGoal
2021-09-07 13:22:49.876 | DEBUG    | roswire.common.msg:_resolve_type:162 - resolved type [ShapeActionResult]: turtle_actionlib/ShapeActionResult
2021-09-07 13:22:49.877 | DEBUG    | roswire.common.msg:_resolve_type:162 - resolved type [ShapeActionFeedback]: turtle_actionlib/ShapeActionFeedback
2021-09-07 13:22:50.395 | DEBUG    | roswire.common.msg:_resolve_type:162 - resolved type [Header]: std_msgs/Header
2021-09-07 13:22:50.396 | DEBUG    | roswire.common.msg:_resolve_type:162 - resolved type [ShapeFeedback]: turtle_actionlib/ShapeFeedback
2021-09-07 13:22:50.940 | DEBUG    | roswire.common.msg:_resolve_type:162 - resolved type [Header]: std_msgs/Header
2021-09-07 13:22:50.941 | DEBUG    | roswire.common.msg:_resolve_type:162 - resolved type [ShapeGoal]: turtle_actionlib/ShapeGoal
2021-09-07 13:22:51.485 | DEBUG    | roswire.common.msg:_resolve_type:162 - resolved type [Header]: std_msgs/Header
2021-09-07 13:22:51.485 | DEBUG    | roswire.common.msg:_resolve_type:162 - resolved type [ShapeResult]: turtle_actionlib/ShapeResult
2021-09-07 13:23:04.440 | DEBUG    | roswire.common.msg:_resolve_type:162 - resolved type [Header]: std_msgs/Header
2021-09-07 13:23:04.943 | DEBUG    | roswire.common.msg:_resolve_type:162 - resolved type [Header]: std_msgs/Header
2021-09-07 13:23:44.188 | DEBUG    | roswire.common.msg:_resolve_type:162 - resolved type [LookupTransformActionGoal]: tf2_msgs/LookupTransformActionGoal
2021-09-07 13:23:44.189 | DEBUG    | roswire.common.msg:_resolve_type:162 - resolved type [LookupTransformActionResult]: tf2_msgs/LookupTransformActionResult
2021-09-07 13:23:44.189 | DEBUG    | roswire.common.msg:_resolve_type:162 - resolved type [LookupTransformActionFeedback]: tf2_msgs/LookupTransformActionFeedback
2021-09-07 13:23:44.740 | DEBUG    | roswire.common.msg:_resolve_type:162 - resolved type [Header]: std_msgs/Header
2021-09-07 13:23:44.740 | DEBUG    | roswire.common.msg:_resolve_type:162 - resolved type [LookupTransformFeedback]: tf2_msgs/LookupTransformFeedback
2021-09-07 13:23:45.300 | DEBUG    | roswire.common.msg:_resolve_type:162 - resolved type [Header]: std_msgs/Header
2021-09-07 13:23:45.300 | DEBUG    | roswire.common.msg:_resolve_type:162 - resolved type [LookupTransformGoal]: tf2_msgs/LookupTransformGoal
2021-09-07 13:23:45.832 | DEBUG    | roswire.common.msg:_resolve_type:162 - resolved type [Header]: std_msgs/Header
2021-09-07 13:23:45.833 | DEBUG    | roswire.common.msg:_resolve_type:162 - resolved type [LookupTransformResult]: tf2_msgs/LookupTransformResult
2021-09-07 13:23:58.644 | DEBUG    | roswire.common.msg:_resolve_type:162 - resolved type [FollowJointTrajectoryActionGoal]: control_msgs/FollowJointTrajectoryActionGoal
2021-09-07 13:23:58.644 | DEBUG    | roswire.common.msg:_resolve_type:162 - resolved type [FollowJointTrajectoryActionResult]: control_msgs/FollowJointTrajectoryActionResult
2021-09-07 13:23:58.644 | DEBUG    | roswire.common.msg:_resolve_type:162 - resolved type [FollowJointTrajectoryActionFeedback]: control_msgs/FollowJointTrajectoryActionFeedback
2021-09-07 13:23:59.200 | DEBUG    | roswire.common.msg:_resolve_type:162 - resolved type [Header]: std_msgs/Header
2021-09-07 13:23:59.200 | DEBUG    | roswire.common.msg:_resolve_type:162 - resolved type [FollowJointTrajectoryFeedback]: control_msgs/FollowJointTrajectoryFeedback
2021-09-07 13:23:59.736 | DEBUG    | roswire.common.msg:_resolve_type:162 - resolved type [Header]: std_msgs/Header
2021-09-07 13:23:59.736 | DEBUG    | roswire.common.msg:_resolve_type:162 - resolved type [FollowJointTrajectoryGoal]: control_msgs/FollowJointTrajectoryGoal
2021-09-07 13:24:00.264 | DEBUG    | roswire.common.msg:_resolve_type:162 - resolved type [Header]: std_msgs/Header
2021-09-07 13:24:00.265 | DEBUG    | roswire.common.msg:_resolve_type:162 - resolved type [FollowJointTrajectoryResult]: control_msgs/FollowJointTrajectoryResult
2021-09-07 13:24:00.780 | DEBUG    | roswire.common.msg:_resolve_type:162 - resolved type [Header]: std_msgs/Header
2021-09-07 13:24:01.328 | DEBUG    | roswire.common.msg:_resolve_type:162 - resolved type [JointTolerance[]]: control_msgs/JointTolerance[]
2021-09-07 13:24:01.328 | DEBUG    | roswire.common.msg:_resolve_type:162 - resolved type [JointTolerance[]]: control_msgs/JointTolerance[]
2021-09-07 13:24:02.967 | DEBUG    | roswire.common.msg:_resolve_type:162 - resolved type [GripperCommandActionGoal]: control_msgs/GripperCommandActionGoal
2021-09-07 13:24:02.968 | DEBUG    | roswire.common.msg:_resolve_type:162 - resolved type [GripperCommandActionResult]: control_msgs/GripperCommandActionResult
2021-09-07 13:24:02.968 | DEBUG    | roswire.common.msg:_resolve_type:162 - resolved type [GripperCommandActionFeedback]: control_msgs/GripperCommandActionFeedback
2021-09-07 13:24:03.504 | DEBUG    | roswire.common.msg:_resolve_type:162 - resolved type [Header]: std_msgs/Header
2021-09-07 13:24:03.504 | DEBUG    | roswire.common.msg:_resolve_type:162 - resolved type [GripperCommandFeedback]: control_msgs/GripperCommandFeedback
2021-09-07 13:24:04.047 | DEBUG    | roswire.common.msg:_resolve_type:162 - resolved type [Header]: std_msgs/Header
2021-09-07 13:24:04.048 | DEBUG    | roswire.common.msg:_resolve_type:162 - resolved type [GripperCommandGoal]: control_msgs/GripperCommandGoal
2021-09-07 13:24:04.591 | DEBUG    | roswire.common.msg:_resolve_type:162 - resolved type [Header]: std_msgs/Header
2021-09-07 13:24:04.591 | DEBUG    | roswire.common.msg:_resolve_type:162 - resolved type [GripperCommandResult]: control_msgs/GripperCommandResult
2021-09-07 13:24:05.668 | DEBUG    | roswire.common.msg:_resolve_type:162 - resolved type [GripperCommand]: control_msgs/GripperCommand
2021-09-07 13:24:06.788 | DEBUG    | roswire.common.msg:_resolve_type:162 - resolved type [Header]: std_msgs/Header
2021-09-07 13:24:07.828 | DEBUG    | roswire.common.msg:_resolve_type:162 - resolved type [JointTrajectoryActionGoal]: control_msgs/JointTrajectoryActionGoal
2021-09-07 13:24:07.828 | DEBUG    | roswire.common.msg:_resolve_type:162 - resolved type [JointTrajectoryActionResult]: control_msgs/JointTrajectoryActionResult
2021-09-07 13:24:07.828 | DEBUG    | roswire.common.msg:_resolve_type:162 - resolved type [JointTrajectoryActionFeedback]: control_msgs/JointTrajectoryActionFeedback
2021-09-07 13:24:08.320 | DEBUG    | roswire.common.msg:_resolve_type:162 - resolved type [Header]: std_msgs/Header
2021-09-07 13:24:08.320 | DEBUG    | roswire.common.msg:_resolve_type:162 - resolved type [JointTrajectoryFeedback]: control_msgs/JointTrajectoryFeedback
2021-09-07 13:24:08.832 | DEBUG    | roswire.common.msg:_resolve_type:162 - resolved type [Header]: std_msgs/Header
2021-09-07 13:24:08.833 | DEBUG    | roswire.common.msg:_resolve_type:162 - resolved type [JointTrajectoryGoal]: control_msgs/JointTrajectoryGoal
2021-09-07 13:24:09.320 | DEBUG    | roswire.common.msg:_resolve_type:162 - resolved type [Header]: std_msgs/Header
2021-09-07 13:24:09.321 | DEBUG    | roswire.common.msg:_resolve_type:162 - resolved type [JointTrajectoryResult]: control_msgs/JointTrajectoryResult
2021-09-07 13:24:09.824 | DEBUG    | roswire.common.msg:_resolve_type:162 - resolved type [Header]: std_msgs/Header
2021-09-07 13:24:11.943 | DEBUG    | roswire.common.msg:_resolve_type:162 - resolved type [PointHeadActionGoal]: control_msgs/PointHeadActionGoal
2021-09-07 13:24:11.944 | DEBUG    | roswire.common.msg:_resolve_type:162 - resolved type [PointHeadActionResult]: control_msgs/PointHeadActionResult
2021-09-07 13:24:11.944 | DEBUG    | roswire.common.msg:_resolve_type:162 - resolved type [PointHeadActionFeedback]: control_msgs/PointHeadActionFeedback
2021-09-07 13:24:12.471 | DEBUG    | roswire.common.msg:_resolve_type:162 - resolved type [Header]: std_msgs/Header
2021-09-07 13:24:12.472 | DEBUG    | roswire.common.msg:_resolve_type:162 - resolved type [PointHeadFeedback]: control_msgs/PointHeadFeedback
2021-09-07 13:24:13.020 | DEBUG    | roswire.common.msg:_resolve_type:162 - resolved type [Header]: std_msgs/Header
2021-09-07 13:24:13.021 | DEBUG    | roswire.common.msg:_resolve_type:162 - resolved type [PointHeadGoal]: control_msgs/PointHeadGoal
2021-09-07 13:24:13.592 | DEBUG    | roswire.common.msg:_resolve_type:162 - resolved type [Header]: std_msgs/Header
2021-09-07 13:24:13.592 | DEBUG    | roswire.common.msg:_resolve_type:162 - resolved type [PointHeadResult]: control_msgs/PointHeadResult
2021-09-07 13:24:15.729 | DEBUG    | roswire.common.msg:_resolve_type:162 - resolved type [SingleJointPositionActionGoal]: control_msgs/SingleJointPositionActionGoal
2021-09-07 13:24:15.729 | DEBUG    | roswire.common.msg:_resolve_type:162 - resolved type [SingleJointPositionActionResult]: control_msgs/SingleJointPositionActionResult
2021-09-07 13:24:15.730 | DEBUG    | roswire.common.msg:_resolve_type:162 - resolved type [SingleJointPositionActionFeedback]: control_msgs/SingleJointPositionActionFeedback
2021-09-07 13:24:16.239 | DEBUG    | roswire.common.msg:_resolve_type:162 - resolved type [Header]: std_msgs/Header
2021-09-07 13:24:16.240 | DEBUG    | roswire.common.msg:_resolve_type:162 - resolved type [SingleJointPositionFeedback]: control_msgs/SingleJointPositionFeedback
2021-09-07 13:24:16.800 | DEBUG    | roswire.common.msg:_resolve_type:162 - resolved type [Header]: std_msgs/Header
2021-09-07 13:24:16.801 | DEBUG    | roswire.common.msg:_resolve_type:162 - resolved type [SingleJointPositionGoal]: control_msgs/SingleJointPositionGoal
2021-09-07 13:24:17.331 | DEBUG    | roswire.common.msg:_resolve_type:162 - resolved type [Header]: std_msgs/Header
2021-09-07 13:24:17.332 | DEBUG    | roswire.common.msg:_resolve_type:162 - resolved type [SingleJointPositionResult]: control_msgs/SingleJointPositionResult
2021-09-07 13:24:17.847 | DEBUG    | roswire.common.msg:_resolve_type:162 - resolved type [Header]: std_msgs/Header
2021-09-07 13:24:21.599 | DEBUG    | roswire.common.msg:_resolve_type:162 - resolved type [JointTolerance[]]: control_msgs/JointTolerance[]
2021-09-07 13:24:21.600 | DEBUG    | roswire.common.msg:_resolve_type:162 - resolved type [JointTolerance[]]: control_msgs/JointTolerance[]
2021-09-07 13:24:21.600 | DEBUG    | roswire.common.msg:_resolve_type:162 - resolved type [Header]: std_msgs/Header
2021-09-07 13:24:22.152 | DEBUG    | roswire.common.msg:_resolve_type:162 - resolved type [GripperCommand]: control_msgs/GripperCommand
2021-09-07 13:24:23.707 | DEBUG    | roswire.common.msg:_resolve_type:162 - resolved type [Header]: std_msgs/Header
