2021-09-07 13:23:16.441 | DEBUG    | __main__:recover_system:87 - calling rosdiscover: ['launch', '/tmp/tmpaclu5zfi.rosdiscover.yml', '--output', '/home/tdurschm/rosdiscover-evaluation/experiments/detection/subjects/autorally-07/buggy.architecture.yml']
2021-09-07 13:23:16.445 | DEBUG    | rosdiscover.config:from_yaml_string:209 - loading config from YAML string:
<_io.TextIOWrapper name='/tmp/tmpaclu5zfi.rosdiscover.yml' mode='r' encoding='UTF-8'>
2021-09-07 13:23:16.447 | DEBUG    | roswire.roswire:__init__:40 - no workspace specified: using default workspace.
2021-09-07 13:23:16.447 | DEBUG    | roswire.roswire:__init__:43 - default workspace: /home/tdurschm/.roswire
2021-09-07 13:23:16.454 | DEBUG    | rosdiscover.config:from_yaml_string:212 - loaded config from YAML string: Config(image='rosdiscover-experiments/autorally:279c6642e5547876beeb536cced74661c8e46b50', sources=('/opt/ros/indigo/setup.bash', '/ros_ws/devel/setup.bash', '/ros_ws/src/autorally/autorally_util/setupEnvLocal.sh'), launches=(Launch(filename='/ros_ws/src/autorally/autorally_gazebo/launch/autoRallyTrackGazeboSim.launch', arguments={}), Launch(filename='/ros_ws/src/autorally/autorally_gazebo/launch/autoRallyTrackWorld.launch', arguments={})), environment=mappingproxy({}), node_sources={('autorally_control', 'joystickController'): NodeSourceInfo(package_name='autorally_control', node_name='joystickController', node_kind=<ROSNodeKind.NODE: 'node'>, restrict_to_paths=['/ros_ws/devel/include/autorally_control', '/ros_ws/src/autorally/autorally_control'], entrypoint='main', sources=['src/joystick/JoystickControl.cpp', 'src/joystick/joystickControlMain.cpp'])}, app=App(image='rosdiscover-experiments/autorally:279c6642e5547876beeb536cced74661c8e46b50', sources=('/opt/ros/indigo/setup.bash', '/ros_ws/devel/setup.bash', '/ros_ws/src/autorally/autorally_util/setupEnvLocal.sh')))
2021-09-07 13:23:16.454 | INFO     | rosdiscover.cli:_launch:47 - reconstructing architecture for image [rosdiscover-experiments/autorally:279c6642e5547876beeb536cced74661c8e46b50]
2021-09-07 13:23:16.454 | DEBUG    | roswire.roswire:__init__:40 - no workspace specified: using default workspace.
2021-09-07 13:23:16.455 | DEBUG    | roswire.roswire:__init__:43 - default workspace: /home/tdurschm/.roswire
2021-09-07 13:23:19.865 | WARNING  | roswire.ros1.package:_determine_paths:126 - unable to find directory in ROS_PACKAGE_PATH: /opt/ros/indigo/stacks
2021-09-07 13:23:31.991 | DEBUG    | roswire.common.msg:_resolve_type:162 - resolved type [Header]: std_msgs/Header
2021-09-07 13:23:32.521 | DEBUG    | roswire.common.msg:_resolve_type:162 - resolved type [Header]: std_msgs/Header
2021-09-07 13:23:42.852 | DEBUG    | roswire.common.msg:_resolve_type:162 - resolved type [Vector3]: geometry_msgs/Vector3
2021-09-07 13:23:42.853 | DEBUG    | roswire.common.msg:_resolve_type:162 - resolved type [Vector3]: geometry_msgs/Vector3
2021-09-07 13:23:43.368 | DEBUG    | roswire.common.msg:_resolve_type:162 - resolved type [Header]: std_msgs/Header
2021-09-07 13:23:43.368 | DEBUG    | roswire.common.msg:_resolve_type:162 - resolved type [Accel]: geometry_msgs/Accel
2021-09-07 13:23:43.868 | DEBUG    | roswire.common.msg:_resolve_type:162 - resolved type [Accel]: geometry_msgs/Accel
2021-09-07 13:23:44.424 | DEBUG    | roswire.common.msg:_resolve_type:162 - resolved type [Header]: std_msgs/Header
2021-09-07 13:23:44.425 | DEBUG    | roswire.common.msg:_resolve_type:162 - resolved type [AccelWithCovariance]: geometry_msgs/AccelWithCovariance
2021-09-07 13:23:45.600 | DEBUG    | roswire.common.msg:_resolve_type:162 - resolved type [Header]: std_msgs/Header
2021-09-07 13:23:45.600 | DEBUG    | roswire.common.msg:_resolve_type:162 - resolved type [Inertia]: geometry_msgs/Inertia
2021-09-07 13:23:47.187 | DEBUG    | roswire.common.msg:_resolve_type:162 - resolved type [Header]: std_msgs/Header
2021-09-07 13:23:47.187 | DEBUG    | roswire.common.msg:_resolve_type:162 - resolved type [Point]: geometry_msgs/Point
2021-09-07 13:23:47.716 | DEBUG    | roswire.common.msg:_resolve_type:162 - resolved type [Point32[]]: geometry_msgs/Point32[]
2021-09-07 13:23:48.271 | DEBUG    | roswire.common.msg:_resolve_type:162 - resolved type [Header]: std_msgs/Header
2021-09-07 13:23:48.271 | DEBUG    | roswire.common.msg:_resolve_type:162 - resolved type [Polygon]: geometry_msgs/Polygon
2021-09-07 13:23:48.824 | DEBUG    | roswire.common.msg:_resolve_type:162 - resolved type [Point]: geometry_msgs/Point
2021-09-07 13:23:48.824 | DEBUG    | roswire.common.msg:_resolve_type:162 - resolved type [Quaternion]: geometry_msgs/Quaternion
2021-09-07 13:23:49.912 | DEBUG    | roswire.common.msg:_resolve_type:162 - resolved type [Header]: std_msgs/Header
2021-09-07 13:23:49.912 | DEBUG    | roswire.common.msg:_resolve_type:162 - resolved type [Pose[]]: geometry_msgs/Pose[]
2021-09-07 13:23:50.424 | DEBUG    | roswire.common.msg:_resolve_type:162 - resolved type [Header]: std_msgs/Header
2021-09-07 13:23:50.424 | DEBUG    | roswire.common.msg:_resolve_type:162 - resolved type [Pose]: geometry_msgs/Pose
2021-09-07 13:23:50.927 | DEBUG    | roswire.common.msg:_resolve_type:162 - resolved type [Pose]: geometry_msgs/Pose
2021-09-07 13:23:51.432 | DEBUG    | roswire.common.msg:_resolve_type:162 - resolved type [Header]: std_msgs/Header
2021-09-07 13:23:51.433 | DEBUG    | roswire.common.msg:_resolve_type:162 - resolved type [PoseWithCovariance]: geometry_msgs/PoseWithCovariance
2021-09-07 13:23:52.511 | DEBUG    | roswire.common.msg:_resolve_type:162 - resolved type [Header]: std_msgs/Header
2021-09-07 13:23:52.512 | DEBUG    | roswire.common.msg:_resolve_type:162 - resolved type [Quaternion]: geometry_msgs/Quaternion
2021-09-07 13:23:53.033 | DEBUG    | roswire.common.msg:_resolve_type:162 - resolved type [Vector3]: geometry_msgs/Vector3
2021-09-07 13:23:53.033 | DEBUG    | roswire.common.msg:_resolve_type:162 - resolved type [Quaternion]: geometry_msgs/Quaternion
2021-09-07 13:23:53.564 | DEBUG    | roswire.common.msg:_resolve_type:162 - resolved type [Header]: std_msgs/Header
2021-09-07 13:23:53.565 | DEBUG    | roswire.common.msg:_resolve_type:162 - resolved type [Transform]: geometry_msgs/Transform
2021-09-07 13:23:54.084 | DEBUG    | roswire.common.msg:_resolve_type:162 - resolved type [Vector3]: geometry_msgs/Vector3
2021-09-07 13:23:54.084 | DEBUG    | roswire.common.msg:_resolve_type:162 - resolved type [Vector3]: geometry_msgs/Vector3
2021-09-07 13:23:54.608 | DEBUG    | roswire.common.msg:_resolve_type:162 - resolved type [Header]: std_msgs/Header
2021-09-07 13:23:54.608 | DEBUG    | roswire.common.msg:_resolve_type:162 - resolved type [Twist]: geometry_msgs/Twist
2021-09-07 13:23:55.156 | DEBUG    | roswire.common.msg:_resolve_type:162 - resolved type [Twist]: geometry_msgs/Twist
2021-09-07 13:23:55.695 | DEBUG    | roswire.common.msg:_resolve_type:162 - resolved type [Header]: std_msgs/Header
2021-09-07 13:23:55.696 | DEBUG    | roswire.common.msg:_resolve_type:162 - resolved type [TwistWithCovariance]: geometry_msgs/TwistWithCovariance
2021-09-07 13:23:56.867 | DEBUG    | roswire.common.msg:_resolve_type:162 - resolved type [Header]: std_msgs/Header
2021-09-07 13:23:56.868 | DEBUG    | roswire.common.msg:_resolve_type:162 - resolved type [Vector3]: geometry_msgs/Vector3
2021-09-07 13:23:57.420 | DEBUG    | roswire.common.msg:_resolve_type:162 - resolved type [Vector3]: geometry_msgs/Vector3
2021-09-07 13:23:57.421 | DEBUG    | roswire.common.msg:_resolve_type:162 - resolved type [Vector3]: geometry_msgs/Vector3
2021-09-07 13:23:57.967 | DEBUG    | roswire.common.msg:_resolve_type:162 - resolved type [Header]: std_msgs/Header
2021-09-07 13:23:57.968 | DEBUG    | roswire.common.msg:_resolve_type:162 - resolved type [Wrench]: geometry_msgs/Wrench
2021-09-07 13:23:59.720 | DEBUG    | roswire.common.msg:_resolve_type:162 - resolved type [Header]: std_msgs/Header
2021-09-07 13:24:00.171 | DEBUG    | roswire.common.msg:_resolve_type:162 - resolved type [Header]: std_msgs/Header
2021-09-07 13:24:00.171 | DEBUG    | roswire.common.msg:_resolve_type:162 - resolved type [RegionOfInterest]: sensor_msgs/RegionOfInterest
2021-09-07 13:24:01.361 | DEBUG    | roswire.common.msg:_resolve_type:162 - resolved type [Header]: std_msgs/Header
2021-09-07 13:24:01.908 | DEBUG    | roswire.common.msg:_resolve_type:162 - resolved type [Header]: std_msgs/Header
2021-09-07 13:24:02.448 | DEBUG    | roswire.common.msg:_resolve_type:162 - resolved type [Header]: std_msgs/Header
2021-09-07 13:24:03.008 | DEBUG    | roswire.common.msg:_resolve_type:162 - resolved type [Header]: std_msgs/Header
2021-09-07 13:24:03.568 | DEBUG    | roswire.common.msg:_resolve_type:162 - resolved type [Header]: std_msgs/Header
2021-09-07 13:24:04.115 | DEBUG    | roswire.common.msg:_resolve_type:162 - resolved type [Header]: std_msgs/Header
2021-09-07 13:24:04.656 | DEBUG    | roswire.common.msg:_resolve_type:162 - resolved type [Header]: std_msgs/Header
2021-09-07 13:24:05.740 | DEBUG    | roswire.common.msg:_resolve_type:162 - resolved type [JoyFeedback[]]: sensor_msgs/JoyFeedback[]
2021-09-07 13:24:06.892 | DEBUG    | roswire.common.msg:_resolve_type:162 - resolved type [Header]: std_msgs/Header
2021-09-07 13:24:07.429 | DEBUG    | roswire.common.msg:_resolve_type:162 - resolved type [Header]: std_msgs/Header
2021-09-07 13:24:07.956 | DEBUG    | roswire.common.msg:_resolve_type:162 - resolved type [Header]: std_msgs/Header
2021-09-07 13:24:08.484 | DEBUG    | roswire.common.msg:_resolve_type:162 - resolved type [Header]: std_msgs/Header
2021-09-07 13:24:08.484 | DEBUG    | roswire.common.msg:_resolve_type:162 - resolved type [LaserEcho[]]: sensor_msgs/LaserEcho[]
2021-09-07 13:24:08.485 | DEBUG    | roswire.common.msg:_resolve_type:162 - resolved type [LaserEcho[]]: sensor_msgs/LaserEcho[]
2021-09-07 13:24:08.992 | DEBUG    | roswire.common.msg:_resolve_type:162 - resolved type [Header]: std_msgs/Header
2021-09-07 13:24:08.993 | DEBUG    | roswire.common.msg:_resolve_type:162 - resolved type [NavSatStatus]: sensor_msgs/NavSatStatus
2021-09-07 13:24:09.976 | DEBUG    | roswire.common.msg:_resolve_type:162 - resolved type [Header]: std_msgs/Header
2021-09-07 13:24:09.977 | DEBUG    | roswire.common.msg:_resolve_type:162 - resolved type [ChannelFloat32[]]: sensor_msgs/ChannelFloat32[]
2021-09-07 13:24:10.511 | DEBUG    | roswire.common.msg:_resolve_type:162 - resolved type [Header]: std_msgs/Header
2021-09-07 13:24:10.512 | DEBUG    | roswire.common.msg:_resolve_type:162 - resolved type [PointField[]]: sensor_msgs/PointField[]
2021-09-07 13:24:11.576 | DEBUG    | roswire.common.msg:_resolve_type:162 - resolved type [Header]: std_msgs/Header
2021-09-07 13:24:12.608 | DEBUG    | roswire.common.msg:_resolve_type:162 - resolved type [Header]: std_msgs/Header
2021-09-07 13:24:13.196 | DEBUG    | roswire.common.msg:_resolve_type:162 - resolved type [Header]: std_msgs/Header
2021-09-07 13:24:13.748 | DEBUG    | roswire.common.msg:_resolve_type:162 - resolved type [Header]: std_msgs/Header
2021-09-07 13:24:16.356 | DEBUG    | roswire.common.msg:_resolve_type:162 - resolved type [Header]: std_msgs/Header
2021-09-07 13:24:17.468 | DEBUG    | roswire.common.msg:_resolve_type:162 - resolved type [Header]: std_msgs/Header
2021-09-07 13:24:17.468 | DEBUG    | roswire.common.msg:_resolve_type:162 - resolved type [MapMetaData]: nav_msgs/MapMetaData
2021-09-07 13:24:18.023 | DEBUG    | roswire.common.msg:_resolve_type:162 - resolved type [Header]: std_msgs/Header
2021-09-07 13:24:18.560 | DEBUG    | roswire.common.msg:_resolve_type:162 - resolved type [Header]: std_msgs/Header
2021-09-07 13:24:23.519 | DEBUG    | roswire.common.msg:_resolve_type:162 - resolved type [GoalID]: actionlib_msgs/GoalID
2021-09-07 13:24:24.043 | DEBUG    | roswire.common.msg:_resolve_type:162 - resolved type [Header]: std_msgs/Header
2021-09-07 13:24:24.044 | DEBUG    | roswire.common.msg:_resolve_type:162 - resolved type [GoalStatus[]]: actionlib_msgs/GoalStatus[]
2021-09-07 13:24:25.888 | DEBUG    | roswire.common.msg:_resolve_type:162 - resolved type [Header]: std_msgs/Header
2021-09-07 13:24:26.419 | DEBUG    | roswire.common.msg:_resolve_type:162 - resolved type [Header]: std_msgs/Header
2021-09-07 13:24:26.419 | DEBUG    | roswire.common.msg:_resolve_type:162 - resolved type [MenuEntry[]]: visualization_msgs/MenuEntry[]
2021-09-07 13:24:26.420 | DEBUG    | roswire.common.msg:_resolve_type:162 - resolved type [InteractiveMarkerControl[]]: visualization_msgs/InteractiveMarkerControl[]
2021-09-07 13:24:27.008 | DEBUG    | roswire.common.msg:_resolve_type:162 - resolved type [Marker[]]: visualization_msgs/Marker[]
2021-09-07 13:24:27.563 | DEBUG    | roswire.common.msg:_resolve_type:162 - resolved type [Header]: std_msgs/Header
2021-09-07 13:24:28.087 | DEBUG    | roswire.common.msg:_resolve_type:162 - resolved type [InteractiveMarker[]]: visualization_msgs/InteractiveMarker[]
2021-09-07 13:24:28.612 | DEBUG    | roswire.common.msg:_resolve_type:162 - resolved type [Header]: std_msgs/Header
