2021-09-07 13:22:24.463 | DEBUG    | __main__:recover_system:87 - calling rosdiscover: ['launch', '/tmp/tmpqy8pvrlf.rosdiscover.yml', '--output', '/home/tdurschm/rosdiscover-evaluation/experiments/detection/subjects/autorally-06/buggy.architecture.yml']
2021-09-07 13:22:24.467 | DEBUG    | rosdiscover.config:from_yaml_string:209 - loading config from YAML string:
<_io.TextIOWrapper name='/tmp/tmpqy8pvrlf.rosdiscover.yml' mode='r' encoding='UTF-8'>
2021-09-07 13:22:24.474 | DEBUG    | roswire.roswire:__init__:40 - no workspace specified: using default workspace.
2021-09-07 13:22:24.474 | DEBUG    | roswire.roswire:__init__:43 - default workspace: /home/tdurschm/.roswire
2021-09-07 13:22:24.480 | DEBUG    | rosdiscover.config:from_yaml_string:212 - loaded config from YAML string: Config(image='rosdiscover-experiments/autorally:7a49fbf584d5d14700d10a7a5d6226fa76ab30ee', sources=('/opt/ros/kinetic/setup.bash', '/ros_ws/devel/setup.bash', '/ros_ws/src/autorally/autorally_util/setupEnvLocal.sh'), launches=(Launch(filename='/ros_ws/src/autorally/autorally_control/launch/path_integral_bf.launch', arguments={}), Launch(filename='/ros_ws/src/autorally/autorally_control/launch/path_integral_nn.launch', arguments={}), Launch(filename='/ros_ws/src/autorally/autorally_control/launch/path_integral_nodelet.launch', arguments={})), environment=mappingproxy({}), node_sources={('autorally_control', 'path_integral_bf'): NodeSourceInfo(package_name='autorally_control', node_name='path_integral_bf', node_kind=<ROSNodeKind.NODE: 'node'>, restrict_to_paths=['/ros_ws/devel/include/autorally_control', '/ros_ws/src/autorally/autorally_control'], entrypoint='main', sources=['src/path_integral/path_integral_main.cu', 'src/path_integral/autorally_plant.cpp', 'src/path_integral/param_getter.cpp']), ('autorally_control', 'path_integral_nn'): NodeSourceInfo(package_name='autorally_control', node_name='path_integral_nn', node_kind=<ROSNodeKind.NODE: 'node'>, restrict_to_paths=['/ros_ws/devel/include/autorally_control', '/ros_ws/src/autorally/autorally_control'], entrypoint='main', sources=['src/path_integral/path_integral_main.cu', 'src/path_integral/autorally_plant.cpp', 'src/path_integral/param_getter.cpp']), ('autorally_control', 'path_integral_monitor'): NodeSourceInfo(package_name='autorally_control', node_name='path_integral_monitor', node_kind=<ROSNodeKind.NODE: 'node'>, restrict_to_paths=['/ros_ws/devel/include/autorally_control', '/ros_ws/src/autorally/autorally_control'], entrypoint='main', sources=['src/path_integral/status_monitor.cpp']), ('autorally_control', 'MPPI'): NodeSourceInfo(package_name='autorally_control', node_name='MPPI', node_kind=<ROSNodeKind.NODE: 'node'>, restrict_to_paths=['/ros_ws/devel/include/autorally_control', '/ros_ws/src/autorally/autorally_control'], entrypoint='autorally_control::MPPI::onInit', sources=['src/path_integral/mppi.cu', 'src/path_integral/autorally_plant.cpp', 'src/path_integral/param_getter.cpp'])}, app=App(image='rosdiscover-experiments/autorally:7a49fbf584d5d14700d10a7a5d6226fa76ab30ee', sources=('/opt/ros/kinetic/setup.bash', '/ros_ws/devel/setup.bash', '/ros_ws/src/autorally/autorally_util/setupEnvLocal.sh')))
2021-09-07 13:22:24.481 | INFO     | rosdiscover.cli:_launch:47 - reconstructing architecture for image [rosdiscover-experiments/autorally:7a49fbf584d5d14700d10a7a5d6226fa76ab30ee]
2021-09-07 13:22:24.481 | DEBUG    | roswire.roswire:__init__:40 - no workspace specified: using default workspace.
2021-09-07 13:22:24.481 | DEBUG    | roswire.roswire:__init__:43 - default workspace: /home/tdurschm/.roswire
2021-09-07 13:22:37.168 | DEBUG    | roswire.common.msg:_resolve_type:162 - resolved type [Header]: std_msgs/Header
2021-09-07 13:22:37.692 | DEBUG    | roswire.common.msg:_resolve_type:162 - resolved type [Header]: std_msgs/Header
2021-09-07 13:22:38.204 | DEBUG    | roswire.common.msg:_resolve_type:162 - resolved type [Header]: std_msgs/Header
2021-09-07 13:22:40.912 | DEBUG    | roswire.common.msg:_resolve_type:162 - resolved type [Header]: std_msgs/Header
2021-09-07 13:22:41.907 | DEBUG    | roswire.common.msg:_resolve_type:162 - resolved type [ImageExposureStatistics[]]: image_exposure_msgs/ImageExposureStatistics[]
2021-09-07 13:22:46.580 | DEBUG    | roswire.common.msg:_resolve_type:162 - resolved type [Vector3]: geometry_msgs/Vector3
2021-09-07 13:22:46.580 | DEBUG    | roswire.common.msg:_resolve_type:162 - resolved type [Vector3]: geometry_msgs/Vector3
2021-09-07 13:22:47.084 | DEBUG    | roswire.common.msg:_resolve_type:162 - resolved type [Header]: std_msgs/Header
2021-09-07 13:22:47.084 | DEBUG    | roswire.common.msg:_resolve_type:162 - resolved type [Accel]: geometry_msgs/Accel
2021-09-07 13:22:47.600 | DEBUG    | roswire.common.msg:_resolve_type:162 - resolved type [Accel]: geometry_msgs/Accel
2021-09-07 13:22:48.080 | DEBUG    | roswire.common.msg:_resolve_type:162 - resolved type [Header]: std_msgs/Header
2021-09-07 13:22:48.081 | DEBUG    | roswire.common.msg:_resolve_type:162 - resolved type [AccelWithCovariance]: geometry_msgs/AccelWithCovariance
2021-09-07 13:22:49.072 | DEBUG    | roswire.common.msg:_resolve_type:162 - resolved type [Header]: std_msgs/Header
2021-09-07 13:22:49.073 | DEBUG    | roswire.common.msg:_resolve_type:162 - resolved type [Inertia]: geometry_msgs/Inertia
2021-09-07 13:22:50.625 | DEBUG    | roswire.common.msg:_resolve_type:162 - resolved type [Header]: std_msgs/Header
2021-09-07 13:22:50.625 | DEBUG    | roswire.common.msg:_resolve_type:162 - resolved type [Point]: geometry_msgs/Point
2021-09-07 13:22:51.200 | DEBUG    | roswire.common.msg:_resolve_type:162 - resolved type [Point32[]]: geometry_msgs/Point32[]
2021-09-07 13:22:51.709 | DEBUG    | roswire.common.msg:_resolve_type:162 - resolved type [Header]: std_msgs/Header
2021-09-07 13:22:51.709 | DEBUG    | roswire.common.msg:_resolve_type:162 - resolved type [Polygon]: geometry_msgs/Polygon
2021-09-07 13:22:52.228 | DEBUG    | roswire.common.msg:_resolve_type:162 - resolved type [Point]: geometry_msgs/Point
2021-09-07 13:22:52.229 | DEBUG    | roswire.common.msg:_resolve_type:162 - resolved type [Quaternion]: geometry_msgs/Quaternion
2021-09-07 13:22:53.240 | DEBUG    | roswire.common.msg:_resolve_type:162 - resolved type [Header]: std_msgs/Header
2021-09-07 13:22:53.240 | DEBUG    | roswire.common.msg:_resolve_type:162 - resolved type [Pose[]]: geometry_msgs/Pose[]
2021-09-07 13:22:53.745 | DEBUG    | roswire.common.msg:_resolve_type:162 - resolved type [Header]: std_msgs/Header
2021-09-07 13:22:53.745 | DEBUG    | roswire.common.msg:_resolve_type:162 - resolved type [Pose]: geometry_msgs/Pose
2021-09-07 13:22:54.256 | DEBUG    | roswire.common.msg:_resolve_type:162 - resolved type [Pose]: geometry_msgs/Pose
2021-09-07 13:22:54.768 | DEBUG    | roswire.common.msg:_resolve_type:162 - resolved type [Header]: std_msgs/Header
2021-09-07 13:22:54.768 | DEBUG    | roswire.common.msg:_resolve_type:162 - resolved type [PoseWithCovariance]: geometry_msgs/PoseWithCovariance
2021-09-07 13:22:55.820 | DEBUG    | roswire.common.msg:_resolve_type:162 - resolved type [Header]: std_msgs/Header
2021-09-07 13:22:55.820 | DEBUG    | roswire.common.msg:_resolve_type:162 - resolved type [Quaternion]: geometry_msgs/Quaternion
2021-09-07 13:22:56.344 | DEBUG    | roswire.common.msg:_resolve_type:162 - resolved type [Vector3]: geometry_msgs/Vector3
2021-09-07 13:22:56.344 | DEBUG    | roswire.common.msg:_resolve_type:162 - resolved type [Quaternion]: geometry_msgs/Quaternion
2021-09-07 13:22:56.880 | DEBUG    | roswire.common.msg:_resolve_type:162 - resolved type [Header]: std_msgs/Header
2021-09-07 13:22:56.880 | DEBUG    | roswire.common.msg:_resolve_type:162 - resolved type [Transform]: geometry_msgs/Transform
2021-09-07 13:22:57.368 | DEBUG    | roswire.common.msg:_resolve_type:162 - resolved type [Vector3]: geometry_msgs/Vector3
2021-09-07 13:22:57.368 | DEBUG    | roswire.common.msg:_resolve_type:162 - resolved type [Vector3]: geometry_msgs/Vector3
2021-09-07 13:22:57.868 | DEBUG    | roswire.common.msg:_resolve_type:162 - resolved type [Header]: std_msgs/Header
2021-09-07 13:22:57.869 | DEBUG    | roswire.common.msg:_resolve_type:162 - resolved type [Twist]: geometry_msgs/Twist
2021-09-07 13:22:58.351 | DEBUG    | roswire.common.msg:_resolve_type:162 - resolved type [Twist]: geometry_msgs/Twist
2021-09-07 13:22:58.851 | DEBUG    | roswire.common.msg:_resolve_type:162 - resolved type [Header]: std_msgs/Header
2021-09-07 13:22:58.852 | DEBUG    | roswire.common.msg:_resolve_type:162 - resolved type [TwistWithCovariance]: geometry_msgs/TwistWithCovariance
2021-09-07 13:22:59.820 | DEBUG    | roswire.common.msg:_resolve_type:162 - resolved type [Header]: std_msgs/Header
2021-09-07 13:22:59.820 | DEBUG    | roswire.common.msg:_resolve_type:162 - resolved type [Vector3]: geometry_msgs/Vector3
2021-09-07 13:23:00.324 | DEBUG    | roswire.common.msg:_resolve_type:162 - resolved type [Vector3]: geometry_msgs/Vector3
2021-09-07 13:23:00.324 | DEBUG    | roswire.common.msg:_resolve_type:162 - resolved type [Vector3]: geometry_msgs/Vector3
2021-09-07 13:23:00.808 | DEBUG    | roswire.common.msg:_resolve_type:162 - resolved type [Header]: std_msgs/Header
2021-09-07 13:23:00.808 | DEBUG    | roswire.common.msg:_resolve_type:162 - resolved type [Wrench]: geometry_msgs/Wrench
2021-09-07 13:23:02.519 | DEBUG    | roswire.common.msg:_resolve_type:162 - resolved type [Header]: std_msgs/Header
2021-09-07 13:23:04.284 | DEBUG    | roswire.common.msg:_resolve_type:162 - resolved type [Header]: std_msgs/Header
2021-09-07 13:23:04.703 | DEBUG    | roswire.common.msg:_resolve_type:162 - resolved type [Header]: std_msgs/Header
2021-09-07 13:23:04.704 | DEBUG    | roswire.common.msg:_resolve_type:162 - resolved type [RegionOfInterest]: sensor_msgs/RegionOfInterest
2021-09-07 13:23:05.864 | DEBUG    | roswire.common.msg:_resolve_type:162 - resolved type [Header]: std_msgs/Header
2021-09-07 13:23:06.360 | DEBUG    | roswire.common.msg:_resolve_type:162 - resolved type [Header]: std_msgs/Header
2021-09-07 13:23:06.876 | DEBUG    | roswire.common.msg:_resolve_type:162 - resolved type [Header]: std_msgs/Header
2021-09-07 13:23:07.432 | DEBUG    | roswire.common.msg:_resolve_type:162 - resolved type [Header]: std_msgs/Header
2021-09-07 13:23:07.936 | DEBUG    | roswire.common.msg:_resolve_type:162 - resolved type [Header]: std_msgs/Header
2021-09-07 13:23:08.456 | DEBUG    | roswire.common.msg:_resolve_type:162 - resolved type [Header]: std_msgs/Header
2021-09-07 13:23:08.951 | DEBUG    | roswire.common.msg:_resolve_type:162 - resolved type [Header]: std_msgs/Header
2021-09-07 13:23:09.996 | DEBUG    | roswire.common.msg:_resolve_type:162 - resolved type [JoyFeedback[]]: sensor_msgs/JoyFeedback[]
2021-09-07 13:23:11.015 | DEBUG    | roswire.common.msg:_resolve_type:162 - resolved type [Header]: std_msgs/Header
2021-09-07 13:23:11.540 | DEBUG    | roswire.common.msg:_resolve_type:162 - resolved type [Header]: std_msgs/Header
2021-09-07 13:23:12.060 | DEBUG    | roswire.common.msg:_resolve_type:162 - resolved type [Header]: std_msgs/Header
2021-09-07 13:23:12.552 | DEBUG    | roswire.common.msg:_resolve_type:162 - resolved type [Header]: std_msgs/Header
2021-09-07 13:23:12.552 | DEBUG    | roswire.common.msg:_resolve_type:162 - resolved type [LaserEcho[]]: sensor_msgs/LaserEcho[]
2021-09-07 13:23:12.553 | DEBUG    | roswire.common.msg:_resolve_type:162 - resolved type [LaserEcho[]]: sensor_msgs/LaserEcho[]
2021-09-07 13:23:13.048 | DEBUG    | roswire.common.msg:_resolve_type:162 - resolved type [Header]: std_msgs/Header
2021-09-07 13:23:13.049 | DEBUG    | roswire.common.msg:_resolve_type:162 - resolved type [NavSatStatus]: sensor_msgs/NavSatStatus
2021-09-07 13:23:14.088 | DEBUG    | roswire.common.msg:_resolve_type:162 - resolved type [Header]: std_msgs/Header
2021-09-07 13:23:14.088 | DEBUG    | roswire.common.msg:_resolve_type:162 - resolved type [ChannelFloat32[]]: sensor_msgs/ChannelFloat32[]
2021-09-07 13:23:14.643 | DEBUG    | roswire.common.msg:_resolve_type:162 - resolved type [Header]: std_msgs/Header
2021-09-07 13:23:14.644 | DEBUG    | roswire.common.msg:_resolve_type:162 - resolved type [PointField[]]: sensor_msgs/PointField[]
2021-09-07 13:23:15.712 | DEBUG    | roswire.common.msg:_resolve_type:162 - resolved type [Header]: std_msgs/Header
2021-09-07 13:23:16.772 | DEBUG    | roswire.common.msg:_resolve_type:162 - resolved type [Header]: std_msgs/Header
2021-09-07 13:23:17.316 | DEBUG    | roswire.common.msg:_resolve_type:162 - resolved type [Header]: std_msgs/Header
2021-09-07 13:23:17.828 | DEBUG    | roswire.common.msg:_resolve_type:162 - resolved type [Header]: std_msgs/Header
2021-09-07 13:23:20.432 | DEBUG    | roswire.common.msg:_resolve_type:162 - resolved type [Header]: std_msgs/Header
2021-09-07 13:23:21.460 | DEBUG    | roswire.common.msg:_resolve_type:162 - resolved type [Header]: std_msgs/Header
2021-09-07 13:23:21.460 | DEBUG    | roswire.common.msg:_resolve_type:162 - resolved type [MapMetaData]: nav_msgs/MapMetaData
2021-09-07 13:23:21.988 | DEBUG    | roswire.common.msg:_resolve_type:162 - resolved type [Header]: std_msgs/Header
2021-09-07 13:23:22.540 | DEBUG    | roswire.common.msg:_resolve_type:162 - resolved type [Header]: std_msgs/Header
2021-09-07 13:23:27.572 | DEBUG    | roswire.common.msg:_resolve_type:162 - resolved type [GoalID]: actionlib_msgs/GoalID
2021-09-07 13:23:28.116 | DEBUG    | roswire.common.msg:_resolve_type:162 - resolved type [Header]: std_msgs/Header
2021-09-07 13:23:28.116 | DEBUG    | roswire.common.msg:_resolve_type:162 - resolved type [GoalStatus[]]: actionlib_msgs/GoalStatus[]
2021-09-07 13:23:29.944 | DEBUG    | roswire.common.msg:_resolve_type:162 - resolved type [Header]: std_msgs/Header
2021-09-07 13:23:30.503 | DEBUG    | roswire.common.msg:_resolve_type:162 - resolved type [Header]: std_msgs/Header
2021-09-07 13:23:30.503 | DEBUG    | roswire.common.msg:_resolve_type:162 - resolved type [MenuEntry[]]: visualization_msgs/MenuEntry[]
2021-09-07 13:23:30.504 | DEBUG    | roswire.common.msg:_resolve_type:162 - resolved type [InteractiveMarkerControl[]]: visualization_msgs/InteractiveMarkerControl[]
2021-09-07 13:23:31.068 | DEBUG    | roswire.common.msg:_resolve_type:162 - resolved type [Marker[]]: visualization_msgs/Marker[]
2021-09-07 13:23:31.620 | DEBUG    | roswire.common.msg:_resolve_type:162 - resolved type [Header]: std_msgs/Header
2021-09-07 13:23:32.136 | DEBUG    | roswire.common.msg:_resolve_type:162 - resolved type [InteractiveMarker[]]: visualization_msgs/InteractiveMarker[]
2021-09-07 13:23:32.636 | DEBUG    | roswire.common.msg:_resolve_type:162 - resolved type [Header]: std_msgs/Header
2021-09-07 13:23:33.167 | DEBUG    | roswire.common.msg:_resolve_type:162 - resolved type [InteractiveMarker[]]: visualization_msgs/InteractiveMarker[]
2021-09-07 13:23:33.168 | DEBUG    | roswire.common.msg:_resolve_type:162 - resolved type [InteractiveMarkerPose[]]: visualization_msgs/InteractiveMarkerPose[]
2021-09-07 13:23:33.704 | DEBUG    | roswire.common.msg:_resolve_type:162 - resolved type [Header]: std_msgs/Header
2021-09-07 13:23:34.264 | DEBUG    | roswire.common.msg:_resolve_type:162 - resolved type [Marker[]]: visualization_msgs/Marker[]
2021-09-07 13:23:36.644 | DEBUG    | roswire.common.msg:_resolve_type:162 - resolved type [Header]: std_msgs/Header
2021-09-07 13:23:36.644 | DEBUG    | roswire.common.msg:_resolve_type:162 - resolved type [JointTrajectoryPoint[]]: trajectory_msgs/JointTrajectoryPoint[]
2021-09-07 13:23:37.696 | DEBUG    | roswire.common.msg:_resolve_type:162 - resolved type [Header]: std_msgs/Header
2021-09-07 13:23:37.696 | DEBUG    | roswire.common.msg:_resolve_type:162 - resolved type [MultiDOFJointTrajectoryPoint[]]: trajectory_msgs/MultiDOFJointTrajectoryPoint[]
2021-09-07 13:23:40.012 | DEBUG    | roswire.common.msg:_resolve_type:162 - resolved type [Header]: std_msgs/Header
2021-09-07 13:23:40.012 | DEBUG    | roswire.common.msg:_resolve_type:162 - resolved type [DiagnosticStatus[]]: diagnostic_msgs/DiagnosticStatus[]
2021-09-07 13:23:40.596 | DEBUG    | roswire.common.msg:_resolve_type:162 - resolved type [KeyValue[]]: diagnostic_msgs/KeyValue[]
2021-09-07 13:23:42.748 | DEBUG    | roswire.common.msg:_resolve_type:162 - resolved type [DiagnosticStatus[]]: diagnostic_msgs/DiagnosticStatus[]
2021-09-07 13:23:47.655 | DEBUG    | roswire.common.msg:_resolve_type:162 - resolved type [BoolParameter[]]: dynamic_reconfigure/BoolParameter[]
2021-09-07 13:23:47.656 | DEBUG    | roswire.common.msg:_resolve_type:162 - resolved type [IntParameter[]]: dynamic_reconfigure/IntParameter[]
2021-09-07 13:23:47.656 | DEBUG    | roswire.common.msg:_resolve_type:162 - resolved type [StrParameter[]]: dynamic_reconfigure/StrParameter[]
2021-09-07 13:23:47.656 | DEBUG    | roswire.common.msg:_resolve_type:162 - resolved type [DoubleParameter[]]: dynamic_reconfigure/DoubleParameter[]
2021-09-07 13:23:47.656 | DEBUG    | roswire.common.msg:_resolve_type:162 - resolved type [GroupState[]]: dynamic_reconfigure/GroupState[]
2021-09-07 13:23:48.172 | DEBUG    | roswire.common.msg:_resolve_type:162 - resolved type [Group[]]: dynamic_reconfigure/Group[]
2021-09-07 13:23:48.172 | DEBUG    | roswire.common.msg:_resolve_type:162 - resolved type [Config]: dynamic_reconfigure/Config
2021-09-07 13:23:48.172 | DEBUG    | roswire.common.msg:_resolve_type:162 - resolved type [Config]: dynamic_reconfigure/Config
2021-09-07 13:23:48.173 | DEBUG    | roswire.common.msg:_resolve_type:162 - resolved type [Config]: dynamic_reconfigure/Config
2021-09-07 13:23:49.311 | DEBUG    | roswire.common.msg:_resolve_type:162 - resolved type [ParamDescription[]]: dynamic_reconfigure/ParamDescription[]
2021-09-07 13:23:53.016 | DEBUG    | roswire.common.msg:_resolve_type:162 - resolved type [Config]: dynamic_reconfigure/Config
2021-09-07 13:23:53.016 | DEBUG    | roswire.common.msg:_resolve_type:162 - resolved type [Config]: dynamic_reconfigure/Config
2021-09-07 13:24:08.820 | DEBUG    | roswire.common.msg:_resolve_type:162 - resolved type [ControllerState[]]: controller_manager_msgs/ControllerState[]
